commit ebd2b757ae31510b5cf52d0e11fafa82a7e062d1
Author: Adam Tornhill <adam@adamtornhill.com>
Date:   Fri Jan 31 09:54:22 2020 +0100
    Link to the public dashboard for the badges
3	3	README.md
commit d9f6c3bd619515671fef7a78b6e68387439d1ad4
Merge: 60253e3 0d7387e
Author: Adam Tornhill <adam@adamtornhill.com>
Date:   Fri Jan 31 09:51:03 2020 +0100
    Merge pull request #66 from adamtornhill/add-status-badges
    Add status badges for Code Health and System Mastery
commit 0d7387e3dbbc3e0959a62d63a91c8bd2c5a6ed70
Author: Adam Tornhill <adam@adamtornhill.com>
Date:   Fri Jan 31 09:49:29 2020 +0100
    Add status badges for Code Health and System Mastery
7	1	README.md
commit 60253e3f26db4a273912117a44aabba392fa21be
Author: Adam Tornhill <adam@adamtornhill.com>
Date:   Fri Dec 20 12:22:19 2019 +0100
    Correct the analysis link for codescene.io so that it points to public results.
1	1	README.md
commit ee8c8d5073ed9a5272a8fd43852b8a37f01837fa
Merge: 5f84c6a 5abf001
Author: Adam Tornhill <adam@adamtornhill.com>
Date:   Mon Nov 4 20:42:26 2019 +0100
    Merge pull request #64 from katrinleinweber/fix-typos
    Fix typos in ReadMe
commit 5abf0010134d250c11147c1028a773b40fda7cc4
Author: Katrin Leinweber <kalei@posteo.de>
Date:   Sat Nov 2 11:48:25 2019 +0100
    Fix typos
5	5	README.md
commit 5f84c6aedce3ec3721ca091967fa5db6fa969171
Author: Adam Tornhill <adam@adamtornhill.com>
Date:   Tue Jan 29 21:31:55 2019 +0100
    Describe pathspecs and how they are used to exclude directories from an analysis
12	2	README.md
commit ce3a32719d9128ff286aeaa1e4964dc335e18039
Merge: 4269a8d 068aa14
Author: Adam Tornhill <adam@adamtornhill.com>
Date:   Tue Jan 15 08:52:16 2019 +0100
    Merge pull request #59 from figaw/patch-1
    Update README.md add --after flag to git2 cmd
commit 068aa1484e1303ff9191bffcd2d042a0d7e222ae
Author: Nicolaj Græsholt <figaw@hotmail.com>
Date:   Mon Jan 14 12:51:20 2019 +0100
    Update README.md add --after flag to git2 cmd
1	1	README.md
commit 4269a8d3a7672f505610a334758aee5d77486aca
Merge: cebd185 c05d262
Author: Adam Tornhill <adam@adamtornhill.com>
Date:   Tue Dec 19 21:41:20 2017 +0100
    Merge pull request #51 from o7g8/feature/docker
    Added a Dockerfile.
commit c05d2627dadfb5709bab4b73965b125b79998f47
Author: Oleg Grytsynevych <oleg.gritsinevich@gmail.com>
Date:   Tue Dec 19 00:40:07 2017 +0100
    Added a Dockerfile.
15	0	Dockerfile
10	0	README.md
commit cebd185cd818e698611d56c52d29b4c0bd1ead74
Author: Adam Tornhill <adam@adamtornhill.com>
Date:   Fri Nov 3 09:14:30 2017 +0100
    Document the clojars JAR
9	2	README.md
1	1	project.clj
commit 1ae21108fe5819916070cbb3fe79d8a4a38df37c
Author: Adam Tornhill <adam@adamtornhill.com>
Date:   Fri Nov 3 08:50:04 2017 +0100
    Release version 1.0.1
1	1	project.clj
commit e3daa4c47d7aef9291dac8d2d741b4dce31b7763
Author: Adam Tornhill <adam@adamtornhill.com>
Date:   Wed Oct 25 22:05:18 2017 +0200
    Add missing sample file for tests
3	0	test/code_maat/end_to_end/mono_git_team_map.csv
commit 7307338b29c60a7fc8295b16be613ce815a31791
Author: Adam Tornhill <adam@adamtornhill.com>
Date:   Wed Oct 25 22:03:38 2017 +0200
    Initiate next development cycle
1	1	project.clj
commit 97330a7311586b931f5610be7d234b9e42e78fe1
Author: Adam Tornhill <adam@adamtornhill.com>
Date:   Wed Oct 25 22:01:15 2017 +0200
    Release version 1.0
1	1	project.clj
commit 278ea287e1ee708a3c258940aa366c98e5002ba6
Author: Adam Tornhill <adam@adamtornhill.com>
Date:   Wed Oct 25 21:54:24 2017 +0200
    Add a basic end to end test for team maps
1	0	src/code_maat/cmd_line.clj
28	0	test/code_maat/end_to_end/team_level_analyses_test.clj
commit db89671cefb9dffcb5b9ec784c431285a930f378
Author: Adam Tornhill <adam@adamtornhill.com>
Date:   Wed Oct 25 21:43:43 2017 +0200
    Specify how individuals are mapped into teams
1	1	README.md
2	1	project.clj
11	1	src/code_maat/app/app.clj
25	0	src/code_maat/app/team_mapper.clj
36	0	test/code_maat/app/team_mapper_test.clj
commit 2a40d01b64b7649ec5964bf69c90a56d6443f145
Author: Adam Tornhill <adam@adamtornhill.com>
Date:   Sun Jul 30 22:16:07 2017 +0200
    Update the documentation to reflect that CodeScene replaces Empear developer.
1	1	README.md
commit 1c867df1e8228c321ddd83bf6679ddb781049116
Merge: de4134f 5ee133a
Author: Adam Tornhill <adam@adamtornhill.com>
Date:   Tue Jan 10 11:30:55 2017 +0100
    Merge pull request #42 from smontanari/enable-regex-in-group-layers
    Enable regex in group layers
commit 5ee133a331cb096e3696c7ff8e8a293045c858f5
Author: Silvio Montanari <smontanari@mail.com>
Date:   Tue Jan 10 08:45:53 2017 +1100
    refactored grouper test and end-to-end tests with group
44	27	test/code_maat/app/grouper_test.clj
18	14	test/code_maat/end_to_end/git2_live_data_test_with_group.clj
commit b30a835663f0ecd96b4aa4006b6481310b58f18b
Author: Silvio Montanari <smontanari@mail.com>
Date:   Thu Jan 5 23:03:01 2017 +1100
    removed unused function
0	8	src/code_maat/app/grouper.clj
commit 4ed7916ea2cd91f83ba1999aec5d77f2704ce18f
Author: Silvio Montanari <smontanari@mail.com>
Date:   Thu Jan 5 22:51:14 2017 +1100
    added support for regex group path expressions
30	14	src/code_maat/app/grouper.clj
72	18	test/code_maat/app/grouper_test.clj
31	1	test/code_maat/end_to_end/git2_live_data_test_with_group.clj
4	0	test/code_maat/end_to_end/regex-and-text-layers-definition.txt
2	0	test/code_maat/end_to_end/regex-layers-definition.txt
1	1	test/code_maat/end_to_end/roslyn_git.log
commit d53ee8eece6636749b3976c851860a1518a21f55
Author: Silvio Montanari <smontanari@mail.com>
Date:   Thu Jan 5 14:54:20 2017 +1100
    add end-to-end test for group layers
24	0	test/code_maat/end_to_end/git2_live_data_test_with_group.clj
2	0	test/code_maat/end_to_end/text-layers-definition.txt
commit de4134fc3536c5b9df4aced2efa90f6a9685ae1b
Author: Adam Tornhill <adam@adamtornhill.com>
Date:   Tue Dec 20 13:26:00 2016 +0100
    Link to the CodeScene analysis results of Code Maat
1	1	README.md
commit 647e1398d2b81b9f627e205e7f5e9669933dc63e
Author: Adam Tornhill <adam@adamtornhill.com>
Date:   Tue Dec 20 13:22:08 2016 +0100
    Link to the CodeScene analysis results of Code Maat.
2	2	README.md
commit 788a0f3d834e6cc1214c32b869bec191664e2cef
Author: Adam Tornhill <adam@adamtornhill.com>
Date:   Tue Jul 19 09:49:42 2016 +0200
    Document that you need at least Java 8
1	1	README.md
commit 9f84ecf4e5414c6d432d87cf3453fcac8b7e10ea
Author: Adam Tornhill <adam@adamtornhill.com>
Date:   Tue Jul 19 09:46:11 2016 +0200
    Allow dates in the commit message
1	1	src/code_maat/parsers/git.clj
22	0	test/code_maat/parsers/git_test.clj
commit c27f7571fda83d6183f7e9984e01327fae095e46
Merge: fc062e8 05fd8fd
Author: Adam Tornhill <adam@adamtornhill.com>
Date:   Tue Jul 19 09:10:29 2016 +0200
    Merge pull request #37 from Hilbrand/fix_centi-float-precision
    Improved centi-float-precision to correctly handle results.
commit 05fd8fd3f52f3ebc5973c93620941222a3886ac9
Author: Hilbrand Bouwkamp <hilbrand@h72.nl>
Date:   Mon Jul 18 16:45:52 2016 +0200
    Improved centi-float-precision to correctly handle results.
    Due to float/double conversions the value 5/6 resulted in 0.8300000000000001 instead of 0.83
    Also added test case.
1	1	src/code_maat/analysis/math.clj
15	0	test/code_maat/analysis/math_test.clj
commit fc062e81c1756fe626237c1f30afd39b2816ef35
Author: Adam Tornhill <adam@adamtornhill.com>
Date:   Tue May 24 13:52:36 2016 -0500
    Towards a stable 1.0 release
1	1	project.clj
1	1	src/code_maat/cmd_line.clj
commit d258e97cf7981b8585444f25051d1a6fb98122cb
Author: Adam Tornhill <adam@adamtornhill.com>
Date:   Tue May 24 13:50:30 2016 -0500
    Release version 0.9.2
2	2	project.clj
1	1	src/code_maat/cmd_line.clj
commit ef462374cbbd8af1dbefd6f1f5735830c2e7d54f
Author: Adam Tornhill <adam@adamtornhill.com>
Date:   Tue May 24 13:45:18 2016 -0500
    Ignore repl port
1	0	.gitignore
commit b4eecae05148313589e92628001f92b285c21990
Author: Adam Tornhill <adam@adamtornhill.com>
Date:   Tue May 24 13:44:52 2016 -0500
    Bugfix: ensure commits are distinct in the churn metrics
4	3	src/code_maat/analysis/churn.clj
5	4	test/code_maat/analysis/churn_test.clj
2	2	test/code_maat/end_to_end/churn_scenario_test.clj
commit 5c0108da0638bdb56e6cfc9871faec170ea0d17a
Merge: 822d8ad 25ed6cb
Author: Adam Tornhill <adam@adamtornhill.com>
Date:   Wed Mar 30 15:02:18 2016 +0200
    Merge branch 'laenas-master'
commit 822d8ad2834207c81cf57ad2518cded663d5243e
Merge: e78a9e0 1be5d33
Author: Adam Tornhill <adam@adamtornhill.com>
Date:   Wed Mar 30 10:01:00 2016 +0200
    Merge branch 'master' of https://github.com/adamtornhill/code-maat
commit e78a9e0d641338d78c70a76abf7da41bac396a42
Author: Adam Tornhill <adam@adamtornhill.com>
Date:   Wed Mar 30 10:00:52 2016 +0200
    Ignore IntelliJ workspace files
2	0	.gitignore
commit 25ed6cbc2750faf25bb89decc64993d260fcf1e4
Author: laenas <ryan@efbnet.com>
Date:   Mon Mar 28 16:08:34 2016 -0600
    Support for Check-in notes
2	1	src/code_maat/parsers/tfs.clj
25	0	test/code_maat/parsers/tfs_test.clj
commit a7cc836b3abc4c39425bd721d14c1695c7493fae
Author: laenas <ryan@efbnet.com>
Date:   Mon Mar 28 11:53:45 2016 -0600
    Support for policy warnings
2	1	src/code_maat/parsers/tfs.clj
31	0	test/code_maat/parsers/tfs_test.clj
commit e590d7ab593df136692847430a733ecbed517418
Author: laenas <ryan@efbnet.com>
Date:   Mon Mar 28 11:42:57 2016 -0600
    Blank lines in comments get space-prefixed
1	1	src/code_maat/parsers/tfs.clj
4	1	test/code_maat/end_to_end/tfs.log
4	1	test/code_maat/parsers/tfs_test.clj
commit 1be5d336c2b0b5ea489c5334eb3bf2c47f64109a
Merge: 99c4660 c434bce
Author: Adam Tornhill <adam@adamtornhill.com>
Date:   Sun Mar 27 13:00:59 2016 +0200
    Merge pull request #33 from laenas/master
    Broadening TFS Coverage
commit c434bce7f3ffc6856aea8795e7c91e8e60a99c93
Author: laenas <ryan@efbnet.com>
Date:   Sat Mar 26 12:03:53 2016 -0600
    Ditching the extra whitespace
2	3	src/code_maat/parsers/tfs.clj
1	1	test/code_maat/parsers/tfs_test.clj
commit 183f90c49515b335892c6123c45928b2af8581c7
Author: laenas <ryan@efbnet.com>
Date:   Sat Mar 26 11:00:04 2016 -0600
    Support for long comments
6	3	src/code_maat/parsers/tfs.clj
23	0	test/code_maat/parsers/tfs_test.clj
commit 40f1731a05c9982628e33b39a9af7f8f373b39ac
Author: Ryan Coy <ryan@efbnet.com>
Date:   Fri Mar 25 14:54:58 2016 -0600
    Added support for build server checkins
2	1	src/code_maat/parsers/tfs.clj
23	0	test/code_maat/parsers/tfs_test.clj
commit 99c4660529431b5902e6f488bc8805cf9339b2cf
Merge: d432971 50d4be2
Author: Adam Tornhill <adam@adamtornhill.com>
Date:   Thu Mar 24 09:58:46 2016 +0100
    Merge branch 'laenas-master'
commit 50d4be2c4a1cc885483cdcd91d990a2f3547e208
Author: laenas <ryan@efbnet.com>
Date:   Wed Mar 23 19:58:05 2016 -0600
    Added additional detail regarding TFS support
1	0	README.md
commit c9fd899bbec0b7c64281ac463b85722c7f564dd3
Author: laenas <ryan@efbnet.com>
Date:   Wed Mar 23 19:50:02 2016 -0600
    Added specific error message
16	11	src/code_maat/parsers/tfs.clj
commit a9b0c15f23b9498c864a671906aacb09cd607076
Author: laenas <ryan@efbnet.com>
Date:   Wed Mar 23 19:49:07 2016 -0600
    Added negative test for format exception
22	3	test/code_maat/parsers/tfs_test.clj
commit 912874aa07d77541258c21502ee4bb87fdf557d5
Author: laenas <ryan@efbnet.com>
Date:   Tue Mar 22 19:47:23 2016 -0600
    One last pass
2	2	README.md
commit 135291921c4cb2fd02f282f6c3735d5ae4847f79
Author: laenas <ryan@efbnet.com>
Date:   Tue Mar 22 19:45:47 2016 -0600
    Further clarity in TFS notes
2	1	README.md
commit cd2f61821e95774b883458b54eae12ba2add66eb
Author: laenas <ryan@efbnet.com>
Date:   Tue Mar 22 19:42:25 2016 -0600
    Update README to reflect TFS log creation
4	0	README.md
commit 8998398f775523430d1453efbb1869f3da64a492
Author: laenas <ryan@efbnet.com>
Date:   Tue Mar 22 19:19:35 2016 -0600
    Added parser for TFS
99	0	src/code_maat/parsers/tfs.clj
commit 15e1dbf9215a5b4a46e055d6a8e1cd8592495f2a
Author: laenas <ryan@efbnet.com>
Date:   Tue Mar 22 19:18:10 2016 -0600
    Update App with TFS loader
9	2	src/code_maat/app/app.clj
commit 5cf779242f38fdca5b92cffd86a92f2bb6e834b2
Author: laenas <ryan@efbnet.com>
Date:   Tue Mar 22 19:16:05 2016 -0600
    Update CLI Options to list tfs
1	1	src/code_maat/cmd_line.clj
commit b8ab0953ecfa307b8997e281ea40465f1ef7a47d
Author: laenas <ryan@efbnet.com>
Date:   Tue Mar 22 19:14:09 2016 -0600
    Add TFS Tests
110	0	test/code_maat/parsers/tfs_test.clj
commit aeefb392b90681d6355347167b48a6aabe5996b7
Author: laenas <ryan@efbnet.com>
Date:   Tue Mar 22 19:13:15 2016 -0600
    Add TFS end-to-end test
18	0	test/code_maat/end_to_end/tfs_live_data_test.clj
commit debeafedfd021446d5358ae7472f32971e21b331
Author: laenas <ryan@efbnet.com>
Date:   Tue Mar 22 19:12:39 2016 -0600
    Adding sample TFS log
24	0	test/code_maat/end_to_end/tfs.log
commit d4329717b2e4acee806ee4514e362174a2d5cf7d
Merge: 94612ca 1e0263a
Author: Adam Tornhill <adam@adamtornhill.com>
Date:   Fri Mar 18 20:10:58 2016 +0100
    Merge branch 'janisz-master'
commit 1e0263a1512be4ebd4ba8685923f0ca262d913e3
Author: Tomasz Janiszewski <tomasz.janiszewski@allegrogroup.com>
Date:   Thu Mar 17 16:00:17 2016 +0100
    Add commits count to group by
8	5	src/code_maat/analysis/churn.clj
11	15	test/code_maat/analysis/churn_test.clj
1	1	test/code_maat/dataset/dataset_test.clj
7	7	test/code_maat/end_to_end/churn_scenario_test.clj
commit 94612ca5ed0bcb5a9fee212db57f00c64c4c38f9
Author: Adam Tornhill <adam@adamtornhill.com>
Date:   Tue Feb 16 11:01:06 2016 +0100
    Limit the CI to jdk8 since the matrix library requires it
0	2	.travis.yml
commit a9a74a98ae5c338e501a140ac2bae36e415e2362
Merge: 6f133e6 46868b7
Author: Adam Tornhill <adam@adamtornhill.com>
Date:   Tue Feb 16 10:34:06 2016 +0100
    Merge branch 'master' of https://github.com/adamtornhill/code-maat
commit 6f133e6954a405f9d819ea3358eb81fd9ed4c399
Author: Adam Tornhill <adam@adamtornhill.com>
Date:   Tue Feb 16 10:33:43 2016 +0100
    Upgrade Incanter to 1.5.7 to get rid of the re-definition warning of core.update
1	1	project.clj
commit e469bf9c68250fbf7c90848dbedd2fa665df2c18
Author: Adam Tornhill <adam@adamtornhill.com>
Date:   Tue Feb 16 10:31:48 2016 +0100
    Upgrade to Clojure 1.8
1	1	project.clj
commit 46868b731e6fc39ce8421a2b1a915a0f6c0c657d
Merge: 912b6b0 0ae1f9f
Author: Adam Tornhill <adam@adamtornhill.com>
Date:   Sun Feb 14 06:25:43 2016 -0800
    Merge pull request #29 from seriema/patch-1
    Update git log instructions
commit 0ae1f9fa1c5b51eacefb3800d78acf1d135041a5
Author: John-Philip Johansson <seriema@gmail.com>
Date:   Sat Feb 13 08:25:24 2016 +0100
    Update git log instructions
    Fixes #28
3	3	README.md
commit 912b6b00855be034d36cd3a7d2a9ff07bcebec79
Author: Adam Tornhill <adam@adamtornhill.com>
Date:   Fri Feb 12 10:36:01 2016 +0100
    Corrected the git2 format to respect mailmaps
1	1	README.md
commit f8f809a1527edc6c1084e18bd5c9c24b96786007
Author: Adam Tornhill <adam@adamtornhill.com>
Date:   Tue Feb 9 16:34:47 2016 +0100
    Clarified that git2 requires you to specify a different parser
3	1	README.md
commit 25f7a873523da854cc6db888ccfd6981a434f491
Author: Adam Tornhill <adam@adamtornhill.com>
Date:   Wed Jan 13 16:22:15 2016 +0100
    Updated the visualization options
6	4	README.md
commit 9b3f585818ebe7d8d097fb87625bc86223906b51
Author: Adam Tornhill <adam@adamtornhill.com>
Date:   Wed Nov 18 08:43:11 2015 +0100
    Removed the obsolete layer_mapper that was replaced by the grouper
0	129	src/code_maat/app/layer_mapper.clj
commit 74a1995071d00ff0bd87c53305ad8e30d018778a
Merge: d7cb4d8 96282e3
Author: Adam Tornhill <adam@adamtornhill.com>
Date:   Wed Oct 28 15:45:13 2015 +0100
    Merge pull request #26 from matthiasn/patch-2
    Superfluous character in argument removed
commit 96282e303405b618d27b13c4b381e51f30a705bc
Author: Matthias Nehlsen <mn@nehlsen-edv.de>
Date:   Wed Oct 28 14:10:20 2015 +0100
    Update README.md
1	1	README.md
commit d7cb4d83b46f0ac134a6ddeb415c43d61a9b8911
Merge: 53b0678 f00d538
Author: Adam Tornhill <adam@adamtornhill.com>
Date:   Tue Sep 29 20:47:15 2015 +0100
    Merge branch 'oflisback-master'
commit f00d538d3987efb05b4443dc4f7464a9e690ef17
Author: Ola Flisbäck <ola.flisback@gmail.com>
Date:   Tue Sep 29 13:38:58 2015 +0200
    Bugfix: Parse author non-greedy
    The author regex for the git parser now consumes everything up to
    the first date instead of the last.
1	1	src/code_maat/parsers/git.clj
8	1	test/code_maat/parsers/git_test.clj
commit 53b0678e935b2cf00408f4ef69b6bbf571b31a35
Author: Adam Tornhill <adam@adamtornhill.com>
Date:   Mon Aug 24 08:01:55 2015 +0200
    Do not build for openjdk 6 since we need fork/join support
0	1	.travis.yml
commit f44207a528530174b473d4f59632ef44f0da40c1
Merge: d6524ab 013a54b
Author: Adam Tornhill <adam@adamtornhill.com>
Date:   Mon Aug 24 07:42:35 2015 +0200
    Merge branch 'jstepien-parsing'
commit 013a54b431f50bf630b021392541284f6c0a14c3
Author: Jan Stępień <jstepien@users.sourceforge.net>
Date:   Sun Aug 23 18:44:19 2015 +0200
    Remove some more dead code
0	4	src/code_maat/parsers/hiccup_based_parser.clj
commit 931fdcacb281e06d990006e98be575bbf94e894e
Author: Jan Stępień <jstepien@users.sourceforge.net>
Date:   Sun Aug 23 15:56:43 2015 +0200
    Finer parallelisation of parsing with reducers
    This commit loads the sequence generated by as-entry-tokens into a vector.
    The vector is folded using clojure.core.reducers/fold, which splits it into
    subvectors of 32 entries and parses in parallel.
    Tested on a 4 core CPU, this reduces the time spent on a summary
    analysis of a 3800 commit git2 history from 0.996s to 0.925s.
    Faster processing is noticeable also for shorter inputs.
    The cost this change introduces is eagerly preloading the entire collection
    returned by as-entry-tokens, just like before 8a2cb3510c.
26	23	src/code_maat/parsers/hiccup_based_parser.clj
commit 42dde2875d1faa1c696a5996cbed5acbaa3aaa0d
Author: Jan Stępień <jstepien@users.sourceforge.net>
Date:   Sun Aug 23 15:27:37 2015 +0200
    Simplify entry lines generation.
    Don't wrap entry tokens in vectors. Use clojure.string/join.
5	10	src/code_maat/parsers/hiccup_based_parser.clj
commit 8a2cb3510c358b4285ac7af70f0ec73a9fb8a2c4
Author: Jan Stępień <jstepien@users.sourceforge.net>
Date:   Sun Aug 23 15:18:13 2015 +0200
    Rewrite as-entry-tokens as a transducer
    This patch makes (as-entry-tokens lines) return a lazy seq generated by a
    transducer. Due to laziness, parse-from calls doall on the resulting seq
    in order to fully evaluate it before the input reader is closed.
    Apart from removing some code, the patch makes as-entry-tokens generate
    tokens lazily. Before this change the sequence of entry tokens was fully
    evaluated before being consumed by pmap.
    This commit doesn't introduce any observable performance difference.
22	30	src/code_maat/parsers/hiccup_based_parser.clj
commit f9ab921d670acd98b88ea5220884b849bd1a06cc
Author: Jan Stępień <jstepien@users.sourceforge.net>
Date:   Sun Aug 23 15:06:51 2015 +0200
    Parallelise hiccup-based-parser
    Parsing appears to be the costliest step of any analysis, with most time
    being spent in Instaparse. In order to make it faster this commit makes
    parsing parallel.
    This patch moves parse-fn to a separate map call in parse-from. This
    allows parallel parsing with pmap.
    Tested on a 4 core CPU, this reduces the time spent on a summary analysis
    of a 3800 commit git2 history from 1.650s to 0.996s.
9	9	src/code_maat/parsers/hiccup_based_parser.clj
commit d6524ab057dc1fd789893b9fa2e81e05df4f6fc9
Author: Adam Tornhill <adam@adamtornhill.com>
Date:   Mon Aug 3 09:18:48 2015 +0200
    Use the author name rather than committer in the compact git2 format
1	1	README.md
commit ed19cf0e1cb1be43c4666430c9867e31a22c314f
Author: Adam Tornhill <adam@adamtornhill.com>
Date:   Fri Jul 31 16:15:58 2015 +0200
    Optimized the authors analysis by avoiding a superflous revisions count
20	12	src/code_maat/analysis/authors.clj
1	1	test/code_maat/analysis/authors_test.clj
commit b5abe205a948c6f5f366ea8dfa1db95652de13a8
Author: Adam Tornhill <adam@adamtornhill.com>
Date:   Mon Jul 27 21:28:29 2015 +0200
    Initiated development of 0.9.2
1	1	project.clj
1	1	src/code_maat/cmd_line.clj
commit d68400836c12aeaf2b0526d04a1796955fd5dc94
Author: Adam Tornhill <adam@adamtornhill.com>
Date:   Mon Jul 27 21:24:18 2015 +0200
    Release 0.9.1 of code-maat
1	1	project.clj
1	1	src/code_maat/cmd_line.clj
commit f8775a3368f13bec42268e31ed0108a09c5bd8c5
Author: Adam Tornhill <adam@adamtornhill.com>
Date:   Mon Jul 27 21:22:43 2015 +0200
    Performance optimized the SoC analysis algorithm
1	1	src/code_maat/analysis/coupling_algos.clj
30	19	src/code_maat/analysis/sum_of_coupling.clj
2	2	test/code_maat/analysis/sum_of_coupling_test.clj
commit 3ee09030af05c493f46c0f1ed005882a0f2a185d
Merge: 8ae747a 577bac6
Author: Adam Tornhill <adam@adamtornhill.com>
Date:   Sun Jul 19 13:39:27 2015 +0200
    Merge branch 'master' of https://github.com/adamtornhill/code-maat
commit 8ae747a73d7bed5cc38481e143a27a134ce9fddd
Author: Adam Tornhill <adam@adamtornhill.com>
Date:   Sun Jul 19 13:39:22 2015 +0200
    Updated to Clojure 1.7
1	1	project.clj
1	1	test/code_maat/end_to_end/scenario_tests.clj
commit 577bac6a0f659ad4b2aa06f3700a6bc946acfc6f
Merge: d020c06 00d0812
Author: Adam Tornhill <adam@adamtornhill.com>
Date:   Wed Jul 15 14:57:08 2015 +0200
    Merge pull request #20 from AndreaCrotti/test_cmd_line
    add a simple test for command line parsing
commit 00d08127336ac3066043314e8fa114d8f4dc5032
Author: Andrea Crotti <andrea.crotti.0@gmail.com>
Date:   Tue Jul 14 15:14:22 2015 +0100
    add a simple test for command line parsing
12	0	test/code_maat/app/cmd_line_test.clj
commit d020c06ca72c71ea1c53fcce68c807c272bad260
Author: Adam Tornhill <adam@adamtornhill.com>
Date:   Sun Jul 12 15:20:11 2015 +0200
    Bugfix: correct sort order before extracting main devs by revisions
1	1	src/code_maat/analysis/effort.clj
1	1	test/code_maat/analysis/effort_test.clj
commit 7276d4ebd8abea5cec96e63fe8802a382b283f13
Merge: 02a760a 4e2cce7
Author: Adam Tornhill <adam@adamtornhill.com>
Date:   Wed Jul 1 16:41:13 2015 +0200
    Merge pull request #15 from AndreaCrotti/add_travis
    Add travis support
commit 4e2cce7c7ff2506f829c1d42e8ba3cfc18650c1a
Author: Andrea Crotti <andrea.crotti.0@gmail.com>
Date:   Mon Jun 29 21:53:07 2015 +0100
    add travis.ci support
7	0	.travis.yml
2	0	README.md
commit 02a760a1dcb3fe9afa7f001941d9323a959eb21e
Author: Adam Tornhill <adam@adamtornhill.com>
Date:   Wed Jul 1 16:15:09 2015 +0200
    Fix failing hg tests by introducing a testable parse API
8	1	src/code_maat/parsers/mercurial.clj
1	1	test/code_maat/end_to_end/scenario_tests.clj
8	8	test/code_maat/parsers/mercurial_test.clj
commit 42f2ef8f29688da8869878b2ce74623342331544
Merge: b4a255c 3351056
Author: Adam Tornhill <adam@adamtornhill.com>
Date:   Wed Jul 1 15:22:37 2015 +0200
    Merge branch 'AndreaCrotti-missing-parens'
commit 3351056527d83171c509e1e6d05121189ae5d608
Author: Andrea Crotti <andrea.crotti.0@gmail.com>
Date:   Wed Jul 1 12:08:05 2015 +0100
    missing paren in require
1	1	test/code_maat/parsers/mercurial_test.clj
commit b4a255c805d4c48b9a201129308e32363098d368
Author: Adam Tornhill <adam@adamtornhill.com>
Date:   Tue Jun 30 07:33:26 2015 +0200
    Updated Instaparse to 1.4.1
2	3	project.clj
commit 7d8b4d9bbcb9f393b35dad424cb49de30a09d6a3
Author: Adam Tornhill <adam@adamtornhill.com>
Date:   Tue Jun 30 07:27:05 2015 +0200
    Started development on 0.9.1
1	1	project.clj
1	1	src/code_maat/cmd_line.clj
commit f4f193367cf582cb518da539579eeec17c0fe063
Author: Adam Tornhill <adam@adamtornhill.com>
Date:   Mon Jun 29 11:00:59 2015 +0200
    Version 0.9.0 complete
1	1	project.clj
2	2	src/code_maat/cmd_line.clj
commit 96d3e4c29e2b665ee29cd3d10e75b8abcf1c7884
Author: Adam Tornhill <adam@adamtornhill.com>
Date:   Mon Jun 29 10:57:51 2015 +0200
    Introduced a git2 format that's more tolerant and faster to parse
13	5	README.md
15	5	src/code_maat/app/app.clj
1	1	src/code_maat/cmd_line.clj
84	0	src/code_maat/parsers/git2.clj
18	0	test/code_maat/end_to_end/git2_live_data_test.clj
25	0	test/code_maat/end_to_end/roslyn_git.log
11	0	test/code_maat/end_to_end/scenario_tests.clj
6	0	test/code_maat/end_to_end/simple_git2.txt
129	0	test/code_maat/parsers/git2_test.clj
commit a52e8b68ae5319af3f959e977c831233282f61f0
Author: Adam Tornhill <adam@adamtornhill.com>
Date:   Sun Jun 14 17:45:00 2015 +0200
    Added a new output filter to write the analysis result to file
6	1	src/code_maat/app/app.clj
1	0	src/code_maat/cmd_line.clj
8	1	src/code_maat/output/csv.clj
commit 7242e545c87b490f9dfb2747626d066c0c53c110
Author: Adam Tornhill <adam@adamtornhill.com>
Date:   Wed Jun 10 23:20:38 2015 +0200
    Updated the documentation to reflect the improved help text
1	1	README.md
commit 9aa51f27d23d971f7ef181421df8c97d10bef160
Author: Adam Tornhill <adam@adamtornhill.com>
Date:   Wed Jun 10 23:19:27 2015 +0200
    Updated the documentation to reflect the improved help text
18	11	README.md
commit 8a3fd5206d5e5cbd51dc05e407ed130bf9f12648
Author: Adam Tornhill <adam@adamtornhill.com>
Date:   Wed Jun 10 23:15:45 2015 +0200
    Include the Code Maat version in the help text
1	0	src/code_maat/cmd_line.clj
commit 6edbf1a53c6eaf39914b012c8c48af17c018c0bf
Author: Adam Tornhill <adam@adamtornhill.com>
Date:   Wed Jun 10 23:04:21 2015 +0200
    Include the name of all analyses in the help text
1	1	src/code_maat/cmd_line.clj
commit cacc1b9699600415c6ca53e37a94189aa3eca4c2
Author: Adam Tornhill <adam@adamtornhill.com>
Date:   Wed Jun 10 22:59:56 2015 +0200
    Refactoring: extracted a function to build a string of valid analyses
10	5	src/code_maat/app/app.clj
commit ab15b853c16c7023c9d0a0236fca80bf4de73931
Author: Adam Tornhill <adam@adamtornhill.com>
Date:   Tue Jun 2 21:28:01 2015 +0200
    Upgraded math.combinatorics to 0.1.1
1	1	project.clj
commit adb6e3d077a4f2607e370c7b7331a67655e8acf0
Author: Adam Tornhill <adam@adamtornhill.com>
Date:   Tue Jun 2 21:25:55 2015 +0200
    Upgraded Instaparse to 1.4.0
1	1	project.clj
commit 5f1d4da82afeff634d77c50bfa61ac3670662344
Author: Adam Tornhill <adam@adamtornhill.com>
Date:   Tue Jun 2 21:24:01 2015 +0200
    Started on version 0.9.0
1	1	project.clj
commit 17f716cc4daf4ae2623ac85f18eab58f6e13845f
Author: Adam Tornhill <adam@adamtornhill.com>
Date:   Wed Apr 22 23:10:50 2015 +0200
    Release 0.8.6 with Code Age analysis
1	1	project.clj
commit 4b37ee27a8ed66d413cf5f0b11ae5aec81822513
Author: Adam Tornhill <adam@adamtornhill.com>
Date:   Wed Apr 22 23:10:25 2015 +0200
    Scale down the cover picture
-	-	doc/imgs/crime_cover.jpg
commit f228492fcefec86657547ac8b952d3382d7092d1
Author: Adam Tornhill <adam@adamtornhill.com>
Date:   Wed Apr 22 23:07:27 2015 +0200
    Minor corrections to the documentation
5	3	README.md
-	-	doc/imgs/crime_cover.jpg
commit 7a437cd8cad00eb233ac0643bccd8f68c0a24ba9
Author: Adam Tornhill <adam@adamtornhill.com>
Date:   Wed Apr 22 22:55:21 2015 +0200
    Documented the Code Age analysis
27	5	README.md
-	-	doc/imgs/code_age_sample.png
commit ac71290461bb2be569b5349298d7701cdef12b22
Author: Adam Tornhill <adam@adamtornhill.com>
Date:   Wed Apr 22 21:05:15 2015 +0200
    Refactoring for the code age analysis in order to break the logical dependency on the different time input formats
5	12	src/code_maat/analysis/code_age.clj
4	1	src/code_maat/parsers/git.clj
5	2	src/code_maat/parsers/mercurial.clj
4	1	src/code_maat/parsers/perforce.clj
4	1	src/code_maat/parsers/svn.clj
25	0	src/code_maat/parsers/time_parser.clj
3	2	test/code_maat/end_to_end/scenario_tests.clj
4	4	test/code_maat/parsers/perforce_test.clj
3	3	test/code_maat/parsers/svn_test.clj
14	0	test/code_maat/parsers/time_parser_test.clj
commit 4f76b9030bd211a67d7015593d296bb0937398e9
Author: Adam Tornhill <adam@adamtornhill.com>
Date:   Mon Apr 6 21:07:34 2015 +0200
    Specified the scenario tests for age analysis
1	1	src/code_maat/analysis/code_age.clj
17	0	test/code_maat/end_to_end/scenario_tests.clj
commit 2658944b17888ebd99a9a42adb07308da2e9f0b1
Author: Adam Tornhill <adam@adamtornhill.com>
Date:   Mon Apr 6 20:51:47 2015 +0200
    Refactoring: extracted the commonalities in the options
15	15	test/code_maat/end_to_end/scenario_tests.clj
commit ef8ae688a008646fef8a027cc0167bd4f5196a00
Author: Adam Tornhill <adam@adamtornhill.com>
Date:   Mon Apr 6 20:44:07 2015 +0200
    Support code age for Perforce (parse its date-time format)
3	2	src/code_maat/analysis/code_age.clj
commit e4e35d3cde118e887fcf868306f5355e05a1db17
Author: Adam Tornhill <adam@adamtornhill.com>
Date:   Mon Apr 6 20:41:59 2015 +0200
    Support code age for Subversion (parse its date-time format)
7	1	src/code_maat/analysis/code_age.clj
commit 62bbb163101c6065a238cd3fdefd6edcf73f56f6
Author: Adam Tornhill <adam@adamtornhill.com>
Date:   Mon Apr 6 13:26:46 2015 +0200
    Filter all changes that do not apply to the current code age
13	4	src/code_maat/analysis/code_age.clj
4	1	test/code_maat/analysis/code_age_test.clj
commit f2b9b7cc1da9de6c3f8e5ab30399f75ea91ba119
Author: Adam Tornhill <adam@adamtornhill.com>
Date:   Mon Apr 6 10:22:28 2015 +0200
    Allow an analysis of age in the past by filtering out newer commits before the analysis
8	1	src/code_maat/analysis/code_age.clj
7	0	test/code_maat/analysis/code_age_test.clj
commit 9a0fc115da68628ce1c11d2747201c3acfd00021
Author: Adam Tornhill <adam@adamtornhill.com>
Date:   Mon Apr 6 10:11:06 2015 +0200
    Specified the test scenario when time moves into the future
14	5	test/code_maat/analysis/code_age_test.clj
commit 1e54670c25f51ecef5c179ecd7ed1e60943c0a44
Author: Adam Tornhill <adam@adamtornhill.com>
Date:   Mon Apr 6 10:03:10 2015 +0200
    Tests the happy day scenario for code age analysis
9	6	test/code_maat/analysis/code_age_test.clj
commit 64c66fa701437b965ee1770cf143e04fd01ea661
Author: Adam Tornhill <adam@adamtornhill.com>
Date:   Mon Apr 6 10:02:40 2015 +0200
    New command line argument to specify time zero for age analyses
1	0	src/code_maat/cmd_line.clj
commit 96a2343cf2c67b3dc30fc55bcd4cdc6f39ccc189
Author: Adam Tornhill <adam@adamtornhill.com>
Date:   Sun Apr 5 18:10:04 2015 +0200
    Return the age results as a sorted dataset (ascending)
5	5	src/code_maat/analysis/code_age.clj
28	0	test/code_maat/analysis/code_age_test.clj
commit 20798943e10ba1642ac73c43a2fdf8c54aee8c72
Author: Adam Tornhill <adam@adamtornhill.com>
Date:   Tue Mar 24 22:19:15 2015 +0000
    Enable the code age analysis, argument = age
4	2	src/code_maat/app/app.clj
commit b56f73a35cb9d28b67afe52f893b794729c04d7d
Author: Adam Tornhill <adam@adamtornhill.com>
Date:   Tue Mar 24 22:18:47 2015 +0000
    The basic skeleton for a code age analysis
59	0	src/code_maat/analysis/code_age.clj
commit e6ef3ef8f660d001fbc9e6fa1a1cf34ebac0a551
Merge: c52f977 ca121c1
Author: Adam Tornhill <adam@adamtornhill.com>
Date:   Mon Mar 23 16:51:40 2015 +0000
    Merge branch 'master' of https://github.com/adamtornhill/code-maat
commit c52f977d73ed098a5cf5c833b8e802208037abb6
Author: Adam Tornhill <adam@adamtornhill.com>
Date:   Mon Mar 23 14:41:51 2015 +0100
    Perfoce bug fix: allow multiple job sections in the log
1	2	src/code_maat/parsers/perforce.clj
22	1	test/code_maat/parsers/perforce_test.clj
commit ca121c12c2165d61168ad061a5c3e8c11869756f
Merge: 29f91ae ce3a0ad
Author: Adam Tornhill <adam@adampetersen.se>
Date:   Sat Mar 14 22:27:32 2015 +0100
    Merge pull request #9 from tjchambers/master
    Suggest fix of wrong word
commit ce3a0ad2e95e01aa2bc461ba0902a51663cc655f
Merge: 29f91ae 09c42dc
Author: Tim Chambers <tchambers@schellingpoint.com>
Date:   Sat Mar 14 10:12:43 2015 -0700
    Merge pull request #1 from tjchambers/tjchambers-patch-1
    wrong word in context
commit 09c42dc2dd1ef862af22ff709b9c8e9e468e12a5
Author: Tim Chambers <tchambers@schellingpoint.com>
Date:   Sat Mar 14 10:11:46 2015 -0700
    wrong word in context
1	1	README.md
commit 29f91ae059bb7234e24eb73b7b370f45d0927cfc
Merge: 13c57d1 a318c55
Author: Adam Tornhill <adam@adamtornhill.com>
Date:   Mon Mar 9 23:01:23 2015 +0100
    Merge branch 'knorrium-mailmap'
commit a318c557a9e06a920545e6658aeb7aae7d4f9691
Merge: 13c57d1 0f70211
Author: Adam Tornhill <adam@adamtornhill.com>
Date:   Mon Mar 9 23:00:41 2015 +0100
    Merge branch 'mailmap' of https://github.com/knorrium/code-maat into knorrium-mailmap
commit 13c57d1a8cb98fc90e973f44615498a636564070
Author: Adam Tornhill <adam@adamtornhill.com>
Date:   Mon Mar 9 23:00:10 2015 +0100
    Started development on 0.8.6
1	1	project.clj
commit 0f70211e4829a4b68004711a3b103a972b420638
Author: Felipe Knorr Kuhn <git@knorrium.info>
Date:   Sun Mar 8 15:03:46 2015 -0700
    change log format to respect the mailmap file
1	1	README.md
commit 37ceb28e8178974b7b88f7c590fb23b76f07387b
Author: Felipe Knorr Kuhn <git@knorrium.info>
Date:   Sun Mar 8 15:03:28 2015 -0700
    add the .mailmap file to fix authors
3	0	.mailmap
commit d1cf155903efd9a71271a2daa5e7995f0a85b652
Author: Adam Tornhill <adam@adamtornhill.com>
Date:   Sun Mar 8 00:16:22 2015 +0100
    Clarified the rationale for separating visualizations from the engine
1	1	README.md
commit 357896c3fbd02d508c23870788219e89b4bbd5bc
Author: Adam Tornhill <adam@adamtornhill.com>
Date:   Sun Mar 8 00:15:24 2015 +0100
    Clarified the rationale for separating visualizations from the engine
3	1	README.md
commit 2be070435ed3d574a09f78972dccd20d43f5e374
Author: Adam Tornhill <adam@adamtornhill.com>
Date:   Sun Mar 8 00:10:30 2015 +0100
    Release 0.8.5
2	2	README.md
1	1	project.clj
commit 72be7c2eb3c763220737aa0b3bd9468d8e6279dd
Author: Adam Tornhill <adam@adamtornhill.com>
Date:   Sat Mar 7 23:59:08 2015 +0100
    Informative error message in case of invalid analysis argument
11	3	src/code_maat/app/app.clj
3	0	src/code_maat/cmd_line.clj
commit e241ab352a74d94cb9532243888c7b4a2f406be4
Author: Adam Tornhill <adam@adamtornhill.com>
Date:   Sun Feb 8 20:01:34 2015 +0100
    Incanter: only include the core module (get rid of a lot of dependencies)
1	1	project.clj
commit f80481aaf970940e28c9b57f65a3b872c753927a
Author: Adam Tornhill <adam@adamtornhill.com>
Date:   Sun Feb 8 19:52:28 2015 +0100
    Incanter: updated to latest version 1.5.6
1	1	project.clj
commit 56354f74c7513dd6e2b9a902154f47a7a1411cee
Author: Adam Tornhill <adam@adamtornhill.com>
Date:   Sat Jan 31 16:42:16 2015 +0100
    Updated clj-time to the latest version, 0.9.0
1	1	project.clj
commit 61df93461ba16a59d420db4bbfe42892dad435cd
Author: Adam Tornhill <adam@adamtornhill.com>
Date:   Sat Jan 31 16:39:02 2015 +0100
    Started development of version 0.8.5
1	1	project.clj
commit 62013b9ed91ecfb2e9a639d833f486873b143e01
Merge: eb45f59 2dbc9f1
Author: Adam Tornhill <adam@adamtornhill.com>
Date:   Sun Jan 25 17:49:46 2015 +0100
    Merge branch 'LogicalChaos-perforce' to support analyzing Perforce data
commit eb45f5933b4ed7ccc4a01ffb53ced1a47543fad8
Author: Adam Tornhill <adam@adamtornhill.com>
Date:   Sun Jan 25 17:49:35 2015 +0100
    Development of version 0.8.4 to support Perforce
1	1	project.clj
commit 2dbc9f17602cf4556f8b66752d3423b641c23880
Merge: 741f2e0 999210b
Author: Adam Tornhill <adam@adamtornhill.com>
Date:   Sun Jan 25 17:42:02 2015 +0100
    Merge branch 'perforce' of https://github.com/LogicalChaos/code-maat into LogicalChaos-perforce
    Add support for analyzing Perforce repositories.
commit 999210be4444ade02c786264acaf110a30a07066
Author: LogicalChaos <robert@logicalchaos.org>
Date:   Fri Jan 23 13:06:58 2015 -0700
    Modify command generating Perforce log files to remove extra linefeeds to avoid having to complicate the parsing.  Adjust tests for the change.
1	1	README.md
1	3	src/code_maat/app/app.clj
27	16	src/code_maat/parsers/perforce.clj
0	10	test/code_maat/end_to_end/sample_p4.log
1	7	test/code_maat/end_to_end/simple_p4.txt
8	19	test/code_maat/parsers/perforce_test.clj
commit add8fd902046cc12fda13e6f351b92999afb0687
Author: Adam Tornhill <adam@adamtornhill.com>
Date:   Tue Jan 20 22:06:32 2015 +0100
    Released 0.8.3: memory optimizations of the Git and Mercurial parsers
1	1	project.clj
commit 41ced1f43fa00f318b0a1bbfa8d90f5846636224
Author: Adam Tornhill <adam@adamtornhill.com>
Date:   Sun Jan 18 17:37:38 2015 +0100
    Git: parse pull requests
3	9	src/code_maat/parsers/git.clj
19	40	src/code_maat/parsers/hiccup_based_parser.clj
1	5	src/code_maat/parsers/mercurial.clj
7	6	test/code_maat/parsers/git_test.clj
commit 1c7314ef1ef10caccf876ebdd1659f7805fdb1c3
Author: Adam Tornhill <adam@adamtornhill.com>
Date:   Sat Jan 17 20:44:28 2015 +0100
    Options: changed the default analysis to just run the authors analysis
6	9	src/code_maat/app/app.clj
commit a53e02a9b96204e5542505ff6b826b9b583a3ee2
Author: Adam Tornhill <adam@adamtornhill.com>
Date:   Sat Jan 17 20:29:37 2015 +0100
    Encoding: re-implemented for the new parser algorithms
7	1	src/code_maat/parsers/hiccup_based_parser.clj
commit 41e1261ca5471459831a9f44f4ecc2e48f60c0a0
Author: Adam Tornhill <adam@adamtornhill.com>
Date:   Sat Jan 17 20:10:25 2015 +0100
    Memory optimization: split the input into chunks before feeding it to Instaparse
1	1	project.clj
5	7	src/code_maat/app/app.clj
2	1	src/code_maat/cmd_line.clj
27	11	src/code_maat/parsers/git.clj
114	13	src/code_maat/parsers/hiccup_based_parser.clj
10	6	src/code_maat/parsers/mercurial.clj
14	14	test/code_maat/parsers/git_test.clj
commit 48afcb0b31d9b4ae2b0ed9948622f495415b4117
Author: Adam Tornhill <adam@adamtornhill.com>
Date:   Fri Jan 16 23:38:45 2015 +0100
    New Instaparse version
2	2	project.clj
commit 936afce801a1d88246c4c0d51d3eec9e1275a9bd
Author: robertc <robert@logicalchaos.org>
Date:   Wed Jan 21 08:48:48 2015 -0700
    Add copyright, update documentation, add Perforce testing
7	2	README.md
6	6	src/code_maat/app/app.clj
1	1	src/code_maat/cmd_line.clj
24	9	src/code_maat/parsers/perforce.clj
0	0	test/code_maat/end_to_end/empty.p4
18	0	test/code_maat/end_to_end/perforce_live_data_test.clj
30	0	test/code_maat/end_to_end/sample_p4.log
24	1	test/code_maat/end_to_end/scenario_tests.clj
16	0	test/code_maat/end_to_end/simple_p4.txt
71	0	test/code_maat/parsers/perforce_test.clj
commit bd404c2bc82e9e203e165575dd6488cea4a41535
Author: robertc <robert@logicalchaos.org>
Date:   Tue Jan 20 12:07:51 2015 -0700
    Add support for Perforce VCS
11	1	src/code_maat/app/app.clj
43	0	src/code_maat/parsers/perforce.clj
commit 741f2e047ed5b7f03bc60eaeda1fd6e55d9f7cd7
Author: Adam Tornhill <adam@adamtornhill.com>
Date:   Tue Jan 20 22:06:32 2015 +0100
    Released 0.8.3: memory optimizations of the Git and Mercurial parsers
1	1	project.clj
commit 349bdde5ccbbb4aa570e559cb7f3beb6dbf9f483
Author: Adam Tornhill <adam@adamtornhill.com>
Date:   Sun Jan 18 17:37:38 2015 +0100
    Git: parse pull requests
3	9	src/code_maat/parsers/git.clj
19	40	src/code_maat/parsers/hiccup_based_parser.clj
1	5	src/code_maat/parsers/mercurial.clj
7	6	test/code_maat/parsers/git_test.clj
commit dec1452956e58db3aec4076352d6073be6cf2617
Author: Adam Tornhill <adam@adamtornhill.com>
Date:   Sat Jan 17 20:44:28 2015 +0100
    Options: changed the default analysis to just run the authors analysis
6	9	src/code_maat/app/app.clj
commit b99ed202d97e103c4bad9c2d445a742d1e0992da
Author: Adam Tornhill <adam@adamtornhill.com>
Date:   Sat Jan 17 20:29:37 2015 +0100
    Encoding: re-implemented for the new parser algorithms
7	1	src/code_maat/parsers/hiccup_based_parser.clj
commit c2b09bc20631c6f52100a1fa013d2994ea4cb5f2
Author: Adam Tornhill <adam@adamtornhill.com>
Date:   Sat Jan 17 20:10:25 2015 +0100
    Memory optimization: split the input into chunks before feeding it to Instaparse
1	1	project.clj
5	7	src/code_maat/app/app.clj
2	1	src/code_maat/cmd_line.clj
27	11	src/code_maat/parsers/git.clj
114	13	src/code_maat/parsers/hiccup_based_parser.clj
10	6	src/code_maat/parsers/mercurial.clj
14	14	test/code_maat/parsers/git_test.clj
commit 49795b9b0f9940be36f7ff50a7712049cc40da8b
Author: Adam Tornhill <adam@adamtornhill.com>
Date:   Fri Jan 16 23:38:45 2015 +0100
    New Instaparse version
2	2	project.clj
commit 4226c51f20a6095e8c57049087ee56aa94840b9e
Author: Adam Tornhill <adam@adamtornhill.com>
Date:   Tue Dec 23 16:47:45 2014 +0100
    New version 0.8.2 with support for custom encoding
1	1	project.clj
commit ac4bd937fb1345098b5b54b2b3be7e4c0384faab
Author: Adam Tornhill <adam@adamtornhill.com>
Date:   Mon Dec 22 23:21:45 2014 +0100
    Documented how to specify a custom input encoding
6	2	README.md
commit 794663e72dce83e5d9b23761b8ce75c6cc861b29
Author: Adam Tornhill <adam@adamtornhill.com>
Date:   Mon Dec 22 23:17:28 2014 +0100
    Support different encodings for the input with the --input-encoding option.
12	2	src/code_maat/app/app.clj
1	0	src/code_maat/cmd_line.clj
commit 9c3586eb702b454f0a1a48f433162f6d4773b1ea
Author: Adam Tornhill <adam@adamtornhill.com>
Date:   Mon Dec 22 22:59:51 2014 +0100
    Started development of the next release
1	1	project.clj
commit 2951eec34943ab33a6dce32b0927629fb27fcb3e
Author: Adam Tornhill <adam@adamtornhill.com>
Date:   Mon Dec 22 19:17:15 2014 +0100
    Corrected the command line usage
1	1	project.clj
2	2	src/code_maat/cmd_line.clj
commit 5c7d19ecdbeda2f0f35d22572ec385b47890c8b9
Author: Adam Tornhill <adam@adamtornhill.com>
Date:   Fri Nov 28 21:33:19 2014 +0100
    Sort the absolute churn output by date
1	1	project.clj
8	4	src/code_maat/analysis/churn.clj
2	2	test/code_maat/analysis/churn_test.clj
1	1	test/code_maat/end_to_end/churn_scenario_test.clj
commit b8475f9d78f4feac27124e7fd2807b6ba52e6dd5
Author: Adam Tornhill <adam@adamtornhill.com>
Date:   Fri Nov 28 21:16:29 2014 +0100
    Version 0.8.0
1	1	project.clj
commit 2e82daeb1c03f59d2366941d2adcb1e316353512
Author: Adam Tornhill <adam@adamtornhill.com>
Date:   Wed Nov 19 21:23:59 2014 +0100
    Uniform field names
1	1	src/code_maat/analysis/effort.clj
1	1	test/code_maat/analysis/effort_test.clj
commit 3df7d5b094468a57ba1d7e332f1cd15064c56a8e
Author: Adam Tornhill <adam@adamtornhill.com>
Date:   Wed Nov 19 21:09:56 2014 +0100
    New analysis: identify main developer by revisions
24	0	src/code_maat/analysis/effort.clj
1	0	src/code_maat/app/app.clj
15	0	test/code_maat/analysis/effort_test.clj
commit 84b1f72f9a57f4185a8ac3f6f04071e495a7b42a
Author: Adam Tornhill <adam@adamtornhill.com>
Date:   Wed Nov 19 20:28:45 2014 +0100
    Bug fix: failed to parse messages that contained a date string (greedy regex)
1	1	project.clj
4	5	src/code_maat/parsers/git.clj
1	1	test/code_maat/end_to_end/scenario_tests.clj
37	10	test/code_maat/parsers/git_test.clj
commit 1b0a0f3cf24996d3bc155dd2ee71840eff9b94ba
Author: Adam Tornhill <adam@adamtornhill.com>
Date:   Mon Nov 10 16:41:24 2014 +0100
    Bug fix: allow a dash in paths used to group commits
1	1	src/code_maat/app/grouper.clj
4	1	test/code_maat/app/grouper_test.clj
commit 177755fa7921614e67252b98ff99ef50b4d30c5a
Author: Adam Petersen <adam@adampetersen.se>
Date:   Tue Oct 28 17:19:29 2014 +0100
    Time-based aggregation: report an error on unsupported time spans
2	2	src/code_maat/app/app.clj
12	2	src/code_maat/app/time_based_grouper.clj
9	1	test/code_maat/app/time_based_grouper_test.clj
commit e25f0d1e17e80a33cf887a5c9557495428e61d04
Author: Adam Petersen <adam@adampetersen.se>
Date:   Wed Oct 22 19:41:31 2014 +0200
    New analysis: refactoring-main-dev
28	10	src/code_maat/analysis/churn.clj
1	0	src/code_maat/app/app.clj
17	0	test/code_maat/analysis/churn_test.clj
commit b927944833b1a8284d55ad8186ba6b4c35ac90f5
Author: Adam Petersen <adam@adampetersen.se>
Date:   Wed Oct 22 19:02:01 2014 +0200
    Refactored the main dev analysis in order to add a variation
13	7	src/code_maat/analysis/churn.clj
commit 9f50ed0b1f1d46ec3bdee4206d24d8aa1354d769
Author: Adam Petersen <adam@adampetersen.se>
Date:   Sat Oct 18 18:09:41 2014 +0200
    Documented the time-based grouping of multiple commits into a single, logical commit
4	0	README.md
commit e7bd3b06b9bf098dd8aea4632b09b67ae840b8f2
Author: Adam Petersen <adam@adampetersen.se>
Date:   Fri Oct 17 12:37:07 2014 +0200
    Test case for time-based analyses
6	0	test/code_maat/app/day_coupled_entities_git.txt
36	0	test/code_maat/app/time_based_grouper_test.clj
2	16	test/code_maat/end_to_end/scenario_tests.clj
23	0	test/code_maat/tools/test_tools.clj
commit 23a5b8b6e37b65f768794d64def15082b04d5170
Author: Adam Petersen <adam@adampetersen.se>
Date:   Fri Oct 17 00:02:21 2014 +0200
    Group commits by day before analysis
21	5	src/code_maat/app/app.clj
30	0	src/code_maat/app/time_based_grouper.clj
2	0	src/code_maat/cmd_line.clj
commit 551dab7711b23f5afc970d0bb00269d7a7eae0f2
Author: Adam Petersen <adam@adampetersen.se>
Date:   Thu Oct 16 15:40:43 2014 +0200
    Commit message analysis complete
72	0	src/code_maat/analysis/commit_messages.clj
5	2	src/code_maat/app/app.clj
1	0	src/code_maat/cmd_line.clj
26	0	test/code_maat/analysis/commit_messages_test.clj
4	4	test/code_maat/analysis/test_data.clj
commit b770798362f1d945dc209f448b07bf994027505f
Author: Adam Petersen <adam@adampetersen.se>
Date:   Thu Oct 9 19:57:55 2014 +0200
    Git: enabled the commit messages as part of the analysis input
5	3	src/code_maat/parsers/hiccup_based_parser.clj
2	2	test/code_maat/end_to_end/scenario_tests.clj
20	10	test/code_maat/parsers/git_test.clj
commit 5578e029ede1a07bbf35223ebcab38d4260a1016
Author: Adam Petersen <adam@adampetersen.se>
Date:   Thu Oct 9 19:45:17 2014 +0200
    Git: include the commit message
1	1	project.clj
11	2	src/code_maat/parsers/git.clj
13	26	src/code_maat/parsers/hiccup_based_parser.clj
9	1	src/code_maat/parsers/mercurial.clj
commit a8c8647edc7b1f23a108961108ac8211bf38fdeb
Author: Adam Petersen <adam@adampetersen.se>
Date:   Wed Oct 1 07:12:31 2014 +0200
    Version 0.7.1
1	1	project.clj
commit f5d8fe9963fbfe72255bd6df10faf8b9adfa8496
Author: Adam Petersen <adam@adampetersen.se>
Date:   Sat Sep 27 11:16:52 2014 +0200
    Correct error message for unknown parser argument
1	1	src/code_maat/app/app.clj
commit 37624c9b284a17477524ebe2d55f9482dfc9fd0d
Author: Adam Petersen <adam@adampetersen.se>
Date:   Sat Sep 27 10:31:06 2014 +0200
    Grouping: allow a dot in filenames
1	1	src/code_maat/app/grouper.clj
4	1	test/code_maat/app/grouper_test.clj
commit c43820d39222b7b3e00a89335885e7e98311fbe6
Author: Adam Petersen <adam@adampetersen.se>
Date:   Fri Sep 19 11:40:06 2014 +0200
    Added an ownership metric
14	4	src/code_maat/analysis/churn.clj
12	3	test/code_maat/analysis/churn_test.clj
commit c95c20fc8df5f9a6a5c8e7b7f0c61ecf9c8f447e
Author: Adam Petersen <adam@adampetersen.se>
Date:   Fri Sep 19 09:08:35 2014 +0200
    New analysis to identify main developers from churn
39	0	src/code_maat/analysis/churn.clj
1	0	src/code_maat/app/app.clj
21	0	test/code_maat/analysis/churn_test.clj
commit 6fa2c95dd7e139567afe4ef15671871afb45efb2
Author: Adam Petersen <adam@adampetersen.se>
Date:   Wed Sep 17 23:12:33 2014 +0200
    Added a new analysis of entity fragmentation
29	1	src/code_maat/analysis/effort.clj
7	2	src/code_maat/analysis/math.clj
1	0	src/code_maat/app/app.clj
13	0	test/code_maat/analysis/effort_test.clj
commit 8dd646cd2b8da30b59d66049219d0e206a8440aa
Author: Adam Petersen <adam@adampetersen.se>
Date:   Sun Aug 10 11:40:13 2014 +0200
    Enabled the SOC analysis
1	1	project.clj
2	0	src/code_maat/app/app.clj
1	1	src/code_maat/cmd_line.clj
commit b253cec373cbe97da5a3f41cd61f7c5918df7957
Author: Adam Petersen <adam@adampetersen.se>
Date:   Sun Aug 10 11:10:09 2014 +0200
    Use the shared coupling algorithms
1	1	src/code_maat/analysis/coupling_algos.clj
5	91	src/code_maat/analysis/logical_coupling.clj
2	4	src/code_maat/analysis/sum_of_coupling.clj
commit 70fcce9e399cc9cc769e9fb7b54191daa26c510f
Author: Adam Petersen <adam@adampetersen.se>
Date:   Sun Aug 10 11:06:01 2014 +0200
    Extracted common coupling algorithms
100	0	src/code_maat/analysis/coupling_algos.clj
4	92	src/code_maat/analysis/sum_of_coupling.clj
52	0	test/code_maat/analysis/coupling_algos_test.clj
0	38	test/code_maat/analysis/sum_of_coupling_test.clj
commit 635081b20fe4f740426e63aa6f523d6ac9741ed3
Author: Adam Petersen <adam@adampetersen.se>
Date:   Sun Aug 10 11:00:35 2014 +0200
    Prototype for sum of coupling measure
143	0	src/code_maat/analysis/sum_of_coupling.clj
63	0	test/code_maat/analysis/sum_of_coupling_test.clj
commit 8e7f979e1548b25d8bf6c229f2a80f8cabcea392
Author: Adam Petersen <adam@adampetersen.se>
Date:   Fri Aug 8 10:20:09 2014 +0200
    Lower threshold for temporal coupling
1	1	src/code_maat/cmd_line.clj
commit 4ad2220e6c94a2cf437c7d39f4c20c1ac83cfc6b
Author: Adam Petersen <adam@adampetersen.se>
Date:   Thu Aug 7 00:56:32 2014 +0200
    New option: limit the change set size for logical coupling.
9	4	src/code_maat/analysis/logical_coupling.clj
3	0	src/code_maat/cmd_line.clj
2	1	test/code_maat/analysis/test_data.clj
commit 4064b9168c4d6057d0abd6b9741915a22972839a
Author: Adam Petersen <adam@adampetersen.se>
Date:   Thu Aug 7 00:13:24 2014 +0200
    Updated libraries
3	3	project.clj
commit e05bd3fd6e12979fefa4906b5864f13ed32a6601
Author: Adam Petersen <adam@adampetersen.se>
Date:   Thu Aug 7 00:06:02 2014 +0200
    Refactoring: combinations instead of function
2	5	src/code_maat/analysis/logical_coupling.clj
commit a6d5d75b6f49c2ae1e5be411659eccf2de76a8da
Author: Adam Petersen <adam@adampetersen.se>
Date:   Thu Aug 7 00:03:08 2014 +0200
    Refactored duplicate removal
4	7	src/code_maat/analysis/logical_coupling.clj
commit ba3b82cd0456a7e152b68616521cdafa497571a5
Author: Adam Petersen <adam@adampetersen.se>
Date:   Wed Aug 6 23:48:25 2014 +0200
    Removed an unnecessary intermediate map.
2	2	src/code_maat/analysis/logical_coupling.clj
commit b409033588c798d7be14101f3b92cba338695020
Author: Adam Petersen <adam@adampetersen.se>
Date:   Wed Aug 6 23:46:11 2014 +0200
    Simplified the entity extraction.
8	11	src/code_maat/analysis/logical_coupling.clj
commit 5464710415d3d52a43f32fa2744d7c3337d033a6
Author: Adam Petersen <adam@adampetersen.se>
Date:   Wed Aug 6 23:42:10 2014 +0200
    Rewrote the logical coupling algorithm. Needs more simplifications.
79	126	src/code_maat/analysis/logical_coupling.clj
15	76	test/code_maat/analysis/logical_coupling_test.clj
commit 53afd0cc1794eebb6bca7770a398f32ebfec7cf1
Author: Adam Petersen <adam@adampetersen.se>
Date:   Wed Aug 6 21:07:56 2014 +0200
    Filter superflous data in coupling analysis
3	1	src/code_maat/analysis/logical_coupling.clj
commit 9f00f46b63fcde30aabc65cad7a6dc89af6a70db
Author: Adam Petersen <adam@adampetersen.se>
Date:   Wed Aug 6 20:21:25 2014 +0200
    Increased local thread stack size for coupling analyses
1	1	project.clj
commit 833a269b0e410d86216b0696622998a492d2aed9
Author: Adam Petersen <adam@adampetersen.se>
Date:   Wed Aug 6 20:14:29 2014 +0200
    Filter mirrored elements in temporal coupling analyses
1	0	.gitignore
11	0	src/code_maat/analysis/logical_coupling.clj
8	9	test/code_maat/analysis/logical_coupling_test.clj
1	1	test/code_maat/end_to_end/scenario_tests.clj
commit 06d7884eb9f458360b5e4d23920a3cc04443bd74
Author: Adam Petersen <adam@adampetersen.se>
Date:   Thu Jun 19 23:18:33 2014 +0200
    Refactoring: renamed core => cmd-line to express intent
2	2	project.clj
1	1	src/code_maat/{core.clj => cmd_line.clj}
commit 80cdc83862fbcf9e3ae708be24a78077a05a273b
Author: Adam Petersen <adam@adampetersen.se>
Date:   Thu Jun 19 23:15:32 2014 +0200
    Refactoring: renamed layer-mapper => grouper
2	2	src/code_maat/app/app.clj
129	0	src/code_maat/app/grouper.clj
1	1	src/code_maat/app/layer_mapper.clj
9	9	test/code_maat/app/{layer_mapper_test.clj => grouper_test.clj}
commit cf89a320beeca933c974c31fcad2313439df38a5
Author: Adam Petersen <adam@adampetersen.se>
Date:   Thu Jun 19 23:08:38 2014 +0200
    Refactoring: better naming
31	31	src/code_maat/app/layer_mapper.clj
3	3	test/code_maat/app/layer_mapper_test.clj
commit cf8dd8ac99ceb000bfc82196f9bf6d3c417a5dfb
Author: Adam Petersen <adam@adampetersen.se>
Date:   Thu Jun 19 23:01:14 2014 +0200
    Grouping: more permissive logical name
1	1	project.clj
2	2	src/code_maat/app/layer_mapper.clj
commit dbb33bc193a0c268de1ddb4e611982386f0554a8
Author: Adam Petersen <adam@adampetersen.se>
Date:   Thu Jun 19 15:17:33 2014 +0200
    New version of maat
1	1	project.clj
commit 22d14a48aedcaf9c20fd7e4631cac8a51d97dfae
Author: Adam Petersen <adam@adampetersen.se>
Date:   Thu Jun 19 15:15:29 2014 +0200
    New group format => more expressive
87	12	src/code_maat/app/layer_mapper.clj
28	7	test/code_maat/app/layer_mapper_test.clj
commit ea009e7ffaa95869c4a19dc30455f4e13ae4cd35
Author: Adam Petersen <adam@adampetersen.se>
Date:   Wed Jun 18 17:46:41 2014 +0200
    refactoring: encapsulated layer creation
5	1	src/code_maat/app/layer_mapper.clj
commit c1b5baad2ff8a649b63e44764908e1c5c06431b3
Author: Adam Petersen <adam@adampetersen.se>
Date:   Fri Jun 6 16:10:40 2014 +0200
    Aggregated layers complete.
16	2	src/code_maat/app/app.clj
1	1	src/code_maat/app/layer_mapper.clj
commit e5012155ad7f658c403929681c3d2e50f4c174e6
Author: Adam Petersen <adam@adampetersen.se>
Date:   Fri Jun 6 15:59:54 2014 +0200
    Parsers: always return seq of maps. These are converted to datasets later. Makes it easier to apply additional filters.
25	1	src/code_maat/app/app.clj
5	7	src/code_maat/parsers/hiccup_based_parser.clj
7	9	src/code_maat/parsers/svn.clj
47	16	test/code_maat/parsers/git_test.clj
9	10	test/code_maat/parsers/mercurial_test.clj
4	4	test/code_maat/parsers/svn_test.clj
commit 08471f8d20dba3bbeb5e6858c2717664c4131e22
Author: Adam Petersen <adam@adampetersen.se>
Date:   Fri Jun 6 14:59:46 2014 +0200
    SVN: refactored to a better separation of internal and external format
8	12	src/code_maat/parsers/svn.clj
1	1	test/code_maat/end_to_end/scenario_tests.clj
14	15	test/code_maat/parsers/svn_test.clj
commit d36cf0aa64e584ef2984958906d6434c68dd6430
Author: Adam Petersen <adam@adampetersen.se>
Date:   Fri Jun 6 14:44:42 2014 +0200
    Renamed get-parser -> parser-for
2	2	src/code_maat/app/app.clj
commit 93fe5133867b0abae6ef3db79b470fad9adfdb4d
Author: Adam Petersen <adam@adampetersen.se>
Date:   Fri Jun 6 14:43:33 2014 +0200
    Layers and groups: started
50	0	src/code_maat/app/layer_mapper.clj
14	13	src/code_maat/core.clj
34	0	test/code_maat/app/layer_mapper_test.clj
commit d00b7c71c70e90ad8a677dc3ca5b6c13c5847d90
Author: Adam Petersen <adam@adampetersen.se>
Date:   Fri Jun 6 10:17:27 2014 +0200
    Command line: removed the default limit of result values
1	1	src/code_maat/core.clj
commit bc2960b094fe5510979889f4d5b29055afcfcf6e
Author: Adam Petersen <adam@adampetersen.se>
Date:   Thu May 22 10:07:55 2014 +0200
    Updated Instaparse version
1	1	project.clj
commit 6e1ef25f4ff43121c426537a9aa383a292381bc0
Author: Adam Petersen <adam@adampetersen.se>
Date:   Thu May 22 10:07:13 2014 +0200
    Updated Incanter version
1	1	project.clj
commit c1f51fadc759bb174654ff743a4f4e08a39c3934
Author: Adam Petersen <adam@adampetersen.se>
Date:   Thu May 22 09:58:59 2014 +0200
    Documented the new commandline options
24	19	README.md
commit cf5844717d366aab3ae9e0c71527f8516a9f06b1
Author: Adam Petersen <adam@adampetersen.se>
Date:   Thu May 22 09:48:03 2014 +0200
    Migrate to Clojure 1.6.0
1	1	project.clj
1	1	src/code_maat/analysis/authors.clj
1	1	src/code_maat/analysis/communication.clj
45	31	src/code_maat/core.clj
13	9	test/code_maat/analysis/churn_test.clj
2	2	test/code_maat/analysis/communication_test.clj
2	2	test/code_maat/analysis/logical_coupling_test.clj
1	1	test/code_maat/end_to_end/git_live_data_test.clj
1	1	test/code_maat/end_to_end/mercurial_live_data_test.clj
1	1	test/code_maat/end_to_end/scenario_tests.clj
1	1	test/code_maat/end_to_end/svn_live_data_test.clj
commit dd8e6057a85f463c8e16cf18c4c1695c9ea34237
Author: Adam Petersen <adam@adampetersen.se>
Date:   Fri Apr 18 15:30:17 2014 +0200
    Library dependencies updated
8	8	project.clj
commit 49a100784dc5e43ccf1527727c9d63c3d76f46ee
Author: Adam Petersen <adam@adampetersen.se>
Date:   Fri Nov 29 09:53:02 2013 +0100
    svn: refactored the parers. Faster and simpler.
11	10	src/code_maat/parsers/svn.clj
1	1	test/code_maat/end_to_end/scenario_tests.clj
18	18	test/code_maat/parsers/svn_test.clj
commit da20e421c44be4c3eba61b92b01db964da938884
Author: Adam Petersen <adam@adampetersen.se>
Date:   Fri Nov 29 09:01:08 2013 +0100
    git parser: less restrictive parsing of the commit message
3	3	src/code_maat/analysis/logical_coupling.clj
1	1	src/code_maat/app/app.clj
2	2	src/code_maat/parsers/git.clj
3	3	test/code_maat/analysis/logical_coupling_test.clj
commit 70747db882e9b7b5e05942bb70f4be75fca5294a
Author: Adam Petersen <adam@adampetersen.se>
Date:   Mon Nov 25 16:03:32 2013 +0100
    Refactored the communication
10	7	src/code_maat/analysis/communication.clj
5	3	src/code_maat/analysis/math.clj
commit 0122e4e0eecf88abdb80ee2660a3f2fb7c9ea168
Author: Adam Petersen <adam@adampetersen.se>
Date:   Mon Nov 25 15:56:32 2013 +0100
    Enabled the communication analysis
4	2	src/code_maat/app/app.clj
14	0	test/code_maat/end_to_end/scenario_tests.clj
commit d6d9199465a2d2196d0c84d3b00e3ac81a8f4394
Author: Adam Petersen <adam@adampetersen.se>
Date:   Mon Nov 25 06:58:39 2013 +0100
    New analysis, a heuristic for the communication needs
99	0	src/code_maat/analysis/communication.clj
28	0	test/code_maat/analysis/communication_test.clj
commit 3b81c73280d0583ab05a62950561e3ab9721bee5
Author: Adam Petersen <adam@adampetersen.se>
Date:   Fri Nov 15 15:23:00 2013 +0100
    Implemented an entity effort analysis
10	1	README.md
2	3	src/code_maat/analysis/churn.clj
57	0	src/code_maat/analysis/effort.clj
4	2	src/code_maat/app/app.clj
0	2	test/code_maat/analysis/churn_test.clj
34	0	test/code_maat/analysis/effort_test.clj
14	0	test/code_maat/end_to_end/scenario_tests.clj
commit 83ab22613a892105f0fd1be8058374ac6f591e13
Author: Adam Petersen <adam@adampetersen.se>
Date:   Mon Nov 11 21:17:12 2013 +0100
    Support for ownership patterns
13	0	README.md
2	2	project.clj
36	0	src/code_maat/analysis/churn.clj
2	1	src/code_maat/app/app.clj
20	0	test/code_maat/analysis/churn_test.clj
8	0	test/code_maat/end_to_end/churn_scenario_test.clj
commit 86b1248a11fc9960dce1bae3334ebb8eb54b7a29
Author: Adam Petersen <adam@adampetersen.se>
Date:   Mon Nov 11 07:33:19 2013 +0100
    Implemented churn by entity metric
6	0	README.md
1	1	project.clj
14	0	src/code_maat/analysis/churn.clj
2	1	src/code_maat/app/app.clj
7	0	test/code_maat/analysis/churn_test.clj
7	0	test/code_maat/end_to_end/churn_scenario_test.clj
commit cfa4ad4132ec34d8a18e6beee1aaa136a2e4f3ba
Author: Adam Petersen <adam@adampetersen.se>
Date:   Mon Nov 11 07:20:43 2013 +0100
    Refactoring: identified commonalities for the churn analysis
23	33	src/code_maat/analysis/churn.clj
commit 314d56b5d0018dde11aeb8a34521fd8bb1a70aa0
Author: Adam Petersen <adam@adampetersen.se>
Date:   Mon Nov 11 07:04:26 2013 +0100
    Churn by author implemented
12	0	README.md
18	2	src/code_maat/analysis/churn.clj
2	1	src/code_maat/app/app.clj
2	1	src/code_maat/core.clj
7	0	test/code_maat/analysis/churn_test.clj
7	0	test/code_maat/end_to_end/churn_scenario_test.clj
commit 70d2acae398a4a280c6eda4c29b6a3ae3bbd584b
Author: Adam Petersen <adam@adampetersen.se>
Date:   Mon Nov 11 06:47:20 2013 +0100
    Refactoring: introduced a macro to remove duplications when defining datasets for test
8	0	src/code_maat/analysis/churn.clj
10	1	src/code_maat/dataset/dataset.clj
12	13	test/code_maat/analysis/churn_test.clj
commit 6997f8e9b624b62de6742712547df71dc8e6c1b2
Author: Adam Petersen <adam@adampetersen.se>
Date:   Mon Nov 11 06:27:16 2013 +0100
    Documented code churn
21	1	README.md
-	-	doc/imgs/abs_churn_sample.png
1	1	project.clj
commit 585dde3c9048454efe339b5604068f0891998f91
Author: Adam Petersen <adam@adampetersen.se>
Date:   Sun Nov 10 21:10:13 2013 +0100
    End-to-end test for absolute churn
20	0	test/code_maat/end_to_end/churn_scenario_test.clj
commit c3f192b3287d81bf5a3a9a6497c5ede77cf1c2ef
Author: Adam Petersen <adam@adampetersen.se>
Date:   Sun Nov 10 21:03:08 2013 +0100
    Absolute churn implemented
42	4	src/code_maat/analysis/churn.clj
6	4	src/code_maat/app/app.clj
1	1	src/code_maat/core.clj
28	3	test/code_maat/analysis/churn_test.clj
commit 8651cd64519104ce13ad5c50ccf47cae3d276b2b
Author: Adam Petersen <adam@adampetersen.se>
Date:   Sun Nov 10 19:40:50 2013 +0100
    Introduced a churn analysis module
23	0	src/code_maat/analysis/churn.clj
21	0	test/code_maat/analysis/churn_test.clj
commit bfcb4dedc7953f44827620aca34cebb80343a754
Author: Adam Petersen <adam@adampetersen.se>
Date:   Sun Nov 10 14:52:34 2013 +0100
    git: include churn data in the parse results
2	2	src/code_maat/parsers/git.clj
22	12	src/code_maat/parsers/hiccup_based_parser.clj
7	4	test/code_maat/end_to_end/scenario_tests.clj
14	14	test/code_maat/parsers/git_test.clj
commit 9141fc833a5ab467d6d801f8d2ea2f32a9a57a42
Author: Adam Petersen <adam@adampetersen.se>
Date:   Sun Nov 10 13:50:34 2013 +0100
    churn: parse lines added and deleted for git
5	3	src/code_maat/parsers/git.clj
15	1	src/code_maat/parsers/hiccup_based_parser.clj
145	137	test/code_maat/end_to_end/mono_git.log
3	3	test/code_maat/end_to_end/simple_git.txt
21	9	test/code_maat/parsers/git_test.clj
commit d80475963e41b7f4c5960d48a8f216cf89b18948
Author: Adam Petersen <adam@adampetersen.se>
Date:   Tue Sep 24 19:20:37 2013 +0200
    Documented tree map visualizations
5	1	README.md
-	-	doc/imgs/tree_map_sample.png
commit 1bafb6d902a5c1a9372d169a5e9ee7d85c9f2c22
Author: Adam Petersen <adam@adampetersen.se>
Date:   Tue Sep 24 06:10:50 2013 +0200
    Release 0.3.1
1	1	project.clj
commit 0a05fba2fb7275e6745d8627f4b0c0e136660005
Author: Adam Petersen <adam@adampetersen.se>
Date:   Tue Sep 17 16:08:42 2013 +0200
    Added an identity analysis as debug aid
5	1	README.md
5	5	src/code_maat/analysis/authors.clj
3	4	src/code_maat/app/app.clj
1	1	src/code_maat/core.clj
18	1	test/code_maat/end_to_end/scenario_tests.clj
commit 540e8dedd02bde0b3266852883905e1f5ccf07df
Author: Adam Petersen <adam@adampetersen.se>
Date:   Sat Sep 7 18:03:02 2013 +0200
    refactoring: simplified some maps and filters
1	1	project.clj
23	21	src/code_maat/analysis/logical_coupling.clj
13	17	src/code_maat/parsers/hiccup_based_parser.clj
0	1	test/code_maat/analysis/logical_coupling_test.clj
commit 475e5ebf65711c813ec337dff0db9ab3df58b1be
Author: Adam Petersen <adam@adampetersen.se>
Date:   Thu Sep 5 22:50:00 2013 +0200
    Complete support for Mercurial
7	2	README.md
1	1	project.clj
24	15	src/code_maat/app/app.clj
1	1	src/code_maat/core.clj
0	0	test/code_maat/end_to_end/empty.hg
18	0	test/code_maat/end_to_end/mercurial_live_data_test.clj
26	12	test/code_maat/end_to_end/scenario_tests.clj
6	0	test/code_maat/end_to_end/simple_hg.txt
493	0	test/code_maat/end_to_end/tpp_hg.log
commit 70bcebc5fcb2d963136f412e784362db769ab722
Author: Adam Petersen <adam@adampetersen.se>
Date:   Thu Sep 5 17:03:18 2013 +0200
    parsers: extracted the common parts into a hiccup-based parser shared between git and hg
5	72	src/code_maat/parsers/git.clj
84	0	src/code_maat/parsers/hiccup_based_parser.clj
7	20	src/code_maat/parsers/mercurial.clj
19	59	test/code_maat/parsers/git_test.clj
13	19	test/code_maat/parsers/mercurial_test.clj
commit 7f4c5df6dd32a26afe11ace96f968b6fa0e58c1a
Author: Adam Petersen <adam@adampetersen.se>
Date:   Thu Sep 5 06:59:34 2013 +0200
    Mercurial: basic parsing implemented
1	1	project.clj
58	0	src/code_maat/parsers/mercurial.clj
43	0	test/code_maat/parsers/mercurial_test.clj
commit 8f21ddad839aeb3bf8aae02f04738184ad8557ab
Author: Adam Petersen <adam@adampetersen.se>
Date:   Tue Sep 3 22:28:58 2013 +0200
    Made the scenarios data-driven to cover git too.
2	0	.gitignore
4	4	project.clj
3	2	src/code_maat/parsers/svn.clj
31	0	src/code_maat/test/data_driven.clj
0	0	test/code_maat/end_to_end/empty.git
68	33	test/code_maat/end_to_end/scenario_tests.clj
5	17	test/code_maat/end_to_end/simple_git.txt
6	6	test/code_maat/parsers/svn_test.clj
commit bda51b56ddf0fb66b268af63424c25f944703da7
Author: Adam Petersen <adam@adampetersen.se>
Date:   Tue Sep 3 06:52:42 2013 +0200
    Documented version 0.2
56	41	README.md
1	1	project.clj
commit ba9451488a324f95fc3f0072bb8d6ac65ece1477
Author: Adam Petersen <adam@adampetersen.se>
Date:   Sun Sep 1 16:41:52 2013 +0200
    coupling: introduced a filter on max coupling
5	6	src/code_maat/analysis/logical_coupling.clj
3	1	src/code_maat/core.clj
2	1	test/code_maat/analysis/test_data.clj
commit 834a72c919613c473d3934337fbe90c857a7c52d
Author: Adam Petersen <adam@adampetersen.se>
Date:   Fri Aug 30 16:42:20 2013 +0200
    summary: documented the functionality
4	1	src/code_maat/analysis/summary.clj
commit b23000cdad6a347239b335120f9f6d8d6aef55ad
Author: Adam Petersen <adam@adampetersen.se>
Date:   Fri Aug 30 16:39:09 2013 +0200
    new analysis: summary, used to get an overview of the mined data
5	1	src/code_maat/analysis/entities.clj
25	0	src/code_maat/analysis/summary.clj
4	2	src/code_maat/app/app.clj
1	1	src/code_maat/core.clj
commit 8a6970c4342dd88aeaa0780625415d2207a9ded3
Author: Adam Petersen <adam@adampetersen.se>
Date:   Fri Aug 30 16:12:42 2013 +0200
    git: added an end to end test on live data from mono
18	0	test/code_maat/end_to_end/git_live_data_test.clj
230	0	test/code_maat/end_to_end/mono_git.log
commit 48cf17a8020f8d7f22f366c7a53096a1094d7b95
Author: Adam Petersen <adam@adampetersen.se>
Date:   Fri Aug 30 16:00:59 2013 +0200
    Dropped the filtering options; this functionality is better off by using the VCS to limit the log
0	1	src/code_maat/app/app.clj
1	7	src/code_maat/core.clj
2	16	src/code_maat/parsers/git.clj
0	13	src/code_maat/parsers/svn.clj
1	10	test/code_maat/end_to_end/scenario_tests.clj
1	6	test/code_maat/parsers/svn_test.clj
commit 51f0fb217d0778c1fd60da1a547c1cb5abd5fdd2
Author: Adam Petersen <adam@adampetersen.se>
Date:   Fri Aug 30 07:06:58 2013 +0200
    git: redesigned to work with a more compact git log - optimize for memory
25	33	src/code_maat/parsers/git.clj
32	94	test/code_maat/parsers/git_test.clj
commit 990442e22fd5dc70c2065671d93b10d964ca6d7d
Author: Adam Petersen <adam@adampetersen.se>
Date:   Thu Aug 29 15:35:50 2013 +0200
    Adapted the grammar after live tests (git)
1	1	project.clj
2	2	src/code_maat/parsers/git.clj
commit b777738b0c2c0bac9c7beb72ad0162ee86aac393
Author: Adam Petersen <adam@adampetersen.se>
Date:   Thu Aug 29 11:09:18 2013 +0200
    git: parse merges and reverts too (grammar change)
10	9	src/code_maat/parsers/git.clj
32	0	test/code_maat/parsers/git_test.clj
commit a527b792cfb6afdb4b8b7b33dbcedacbf5a30b10
Author: Adam Petersen <adam@adampetersen.se>
Date:   Thu Aug 29 08:02:45 2013 +0200
    git: proper error messages from instaparse
6	2	src/code_maat/parsers/git.clj
0	7	test/code_maat/end_to_end/scenario_tests.clj
18	0	test/code_maat/end_to_end/simple_git.txt
21	0	test/code_maat/end_to_end/svn_live_data_test.clj
commit 9519aac90e0843aae9651c39fb202ca2d72b3fe4
Author: Adam Petersen <adam@adampetersen.se>
Date:   Thu Aug 29 07:39:42 2013 +0200
    Correct coupling output in case of zero entries (boundary case)
2	2	src/code_maat/analysis/authors.clj
6	4	src/code_maat/analysis/logical_coupling.clj
1	1	test/code_maat/end_to_end/scenario_tests.clj
commit 80ab47568c26bbcd675f7e37ff63c1bd80f69be4
Author: Adam Petersen <adam@adampetersen.se>
Date:   Wed Aug 28 16:52:33 2013 +0200
    git: implemented input filtering on number of entities and start-date
1	1	src/code_maat/app/app.clj
15	3	src/code_maat/parsers/git.clj
0	8	src/code_maat/parsers/svn.clj
1	1	test/code_maat/parsers/git_test.clj
commit 72adc012cdfc0564c28b36d6f3466bbafc4e421f
Author: Adam Petersen <adam@adampetersen.se>
Date:   Wed Aug 28 16:44:44 2013 +0200
    Refactoring: extracted the front-end filtering into a separate module
48	0	src/code_maat/parsers/limitters.clj
8	30	src/code_maat/parsers/svn.clj
commit 378922786b5c166ec9fce7c5ad14d2d256c59fd2
Author: Adam Petersen <adam@adampetersen.se>
Date:   Wed Aug 28 16:20:35 2013 +0200
    git: throw an exception upon invalid input (parse failure)
2	0	src/code_maat/app/app.clj
26	17	src/code_maat/parsers/git.clj
4	1	test/code_maat/parsers/git_test.clj
commit 5496b5af9b56e1f5b9334fea0c6fc3d75185c407
Author: Adam Petersen <adam@adampetersen.se>
Date:   Wed Aug 28 07:19:43 2013 +0200
    git: coupling works - was an error in the parser since the log looked different for binary blob entries
2	4	src/code_maat/parsers/git.clj
commit b23590ca735eee09f69770d258082e7adfab5953
Author: Adam Petersen <adam@adampetersen.se>
Date:   Wed Aug 28 06:56:29 2013 +0200
    git: authors and revisions implemented
1	0	.gitignore
5	0	README.md
33	10	src/code_maat/app/app.clj
1	1	src/code_maat/core.clj
8	10	src/code_maat/parsers/git.clj
6	4	test/code_maat/end_to_end/scenario_tests.clj
3	3	test/code_maat/parsers/git_test.clj
commit de048f27879c12bd42104a90ae71e2a7a2439161
Author: Adam Petersen <adam@adampetersen.se>
Date:   Tue Aug 27 22:36:34 2013 +0200
    git parser: replaced zipper based solution with simpler get-in
15	17	src/code_maat/parsers/git.clj
7	0	test/code_maat/parsers/git_test.clj
commit 202a0a275f583f50309cc0a3f7e811f4d1047ff1
Author: Adam Petersen <adam@adampetersen.se>
Date:   Tue Aug 27 07:07:08 2013 +0200
    git: use zippers to work the parse result
60	4	src/code_maat/parsers/git.clj
26	5	test/code_maat/parsers/git_test.clj
commit 455848491c128a8ba0693bea59920059901db84f
Author: Adam Petersen <adam@adampetersen.se>
Date:   Mon Aug 26 16:30:18 2013 +0200
    Surpressed git parse output that I don't need right now
13	5	src/code_maat/parsers/git.clj
3	1	src/code_maat/parsers/svn.clj
20	24	test/code_maat/parsers/git_test.clj
commit 7757d319c18d65840983ec43ffdb09c4dd4689e4
Author: Adam Petersen <adam@adampetersen.se>
Date:   Mon Aug 26 16:12:39 2013 +0200
    Added a basic git parser
3	2	project.clj
57	0	src/code_maat/parsers/git.clj
97	0	test/code_maat/parsers/git_test.clj
commit 2d8e52c2d3dbb98b02966fa3ba2de0e37e4ebdc1
Author: Adam Petersen <adam@adampetersen.se>
Date:   Mon Aug 26 06:13:31 2013 +0200
    Prepare first version
1	1	project.clj
commit 9b0e99d7f3c4b83b13df20dc9f9c48dd3083d21a
Author: Adam Petersen <adam@adampetersen.se>
Date:   Fri Aug 23 06:16:18 2013 +0200
    Added licensing info to the source files
5	0	project.clj
5	0	src/code_maat/analysis/authors.clj
5	0	src/code_maat/analysis/entities.clj
5	0	src/code_maat/analysis/logical_coupling.clj
5	0	src/code_maat/analysis/math.clj
5	0	src/code_maat/analysis/workarounds.clj
5	0	src/code_maat/app/app.clj
5	0	src/code_maat/core.clj
5	0	src/code_maat/dataset/dataset.clj
5	0	src/code_maat/output/csv.clj
5	0	src/code_maat/output/filters.clj
5	0	src/code_maat/parsers/svn.clj
5	0	src/code_maat/parsers/xml.clj
5	0	test/code_maat/analysis/authors_test.clj
5	0	test/code_maat/analysis/entities_test.clj
5	0	test/code_maat/analysis/logical_coupling_test.clj
5	0	test/code_maat/analysis/test_data.clj
5	0	test/code_maat/dataset/dataset_test.clj
5	0	test/code_maat/end_to_end/scenario_tests.clj
5	0	test/code_maat/parsers/svn_test.clj
commit 0ab4be1a4c51c6a48c22e5be3e4d259d43dab226
Author: Adam Petersen Tornhill <adam@adampetersen.se>
Date:   Thu Aug 22 23:37:20 2013 +0200
    Update README.md
3	3	README.md
commit b815f1836e83810a52847a3c621eacf7fe5f6731
Author: Adam Petersen <adam@adampetersen.se>
Date:   Thu Aug 22 23:17:40 2013 +0200
    Finished the initial documentation
35	27	README.md
commit fd5a7e8e1a2972bb986a604f4ac888727b49131c
Author: Adam Petersen <adam@adampetersen.se>
Date:   Thu Aug 22 22:44:20 2013 +0200
    Added a (flush), needed for a standalone jar
2	3	README.md
1	1	src/code_maat/core.clj
commit 6bc99675d96685f45ac382ae0b4a9e86e6dfce6f
Author: Adam Petersen <adam@adampetersen.se>
Date:   Thu Aug 22 16:56:57 2013 +0200
    Documentation
4	0	README.md
commit e5948c851c52096ff5f81ba01b54cabefea85836
Author: Adam Petersen <adam@adampetersen.se>
Date:   Thu Aug 22 16:53:03 2013 +0200
    Wrote a draft of the README
92	2	README.md
-	-	doc/imgs/coupling_sample.png
3	1	project.clj
3	2	src/code_maat/core.clj
commit 683554deb92db1fda4043a2ddc6edb45b6f65ae2
Author: Adam Petersen <adam@adampetersen.se>
Date:   Wed Aug 21 17:01:38 2013 +0200
    Replaced own ceil function with the one from numeric-tower
1	0	project.clj
3	2	src/code_maat/analysis/logical_coupling.clj
1	4	src/code_maat/analysis/math.clj
commit 2b068a30026b33049a6da93bb9d59aa7017df1f4
Author: Adam Petersen <adam@adampetersen.se>
Date:   Tue Aug 20 17:14:01 2013 +0200
     Prototyped between date parse option - letting it rest for a while
14	6	src/code_maat/parsers/svn.clj
commit c72d12cf016462073f7073efc929e40d50b36983
Author: Adam Petersen <adam@adampetersen.se>
Date:   Tue Aug 20 16:44:35 2013 +0200
    Moved ceil to math (do not have internet access to download some contrib)
1	4	src/code_maat/analysis/logical_coupling.clj
4	1	src/code_maat/analysis/math.clj
commit 0b4924ef5577e6db645ee99bf62e0b676ac06621
Author: Adam Petersen <adam@adampetersen.se>
Date:   Tue Aug 20 16:41:38 2013 +0200
    coupling: present results in integers
1	0	.gitignore
5	1	src/code_maat/analysis/logical_coupling.clj
7	7	test/code_maat/analysis/logical_coupling_test.clj
1	1	test/code_maat/end_to_end/scenario_tests.clj
commit 877b956fcd63acc938dd5391de67ee580f9da426
Author: Adam Petersen <adam@adampetersen.se>
Date:   Tue Aug 20 16:12:50 2013 +0200
    coupling: removed dead code
12	62	src/code_maat/analysis/logical_coupling.clj
7	0	src/code_maat/analysis/math.clj
commit 190c6234ff8adcc41f855b3b4691a2e92abb59ce
Author: Adam Petersen <adam@adampetersen.se>
Date:   Tue Aug 20 07:29:30 2013 +0200
    More tests of boundary cases
1	0	src/code_maat/analysis/logical_coupling.clj
15	1	src/code_maat/app/app.clj
3	1	test/code_maat/end_to_end/scenario_tests.clj
commit bd9fb4b26763c813601f031d7bcc2994a055d358
Author: Adam Petersen <adam@adampetersen.se>
Date:   Tue Aug 20 07:13:31 2013 +0200
    coupling: small refactoring
19	14	src/code_maat/analysis/logical_coupling.clj
commit c1c4229cf056fa0051dcd13d71b30cfa2d6d94d5
Author: Adam Petersen <adam@adampetersen.se>
Date:   Tue Aug 20 07:03:43 2013 +0200
    Simplified logical coupling (removed a map+flatten)
13	10	src/code_maat/analysis/logical_coupling.clj
1	0	test/code_maat/analysis/logical_coupling_test.clj
commit f2f75e5888c9369f7ca2225e60da2b8d9e79939c
Author: Adam Petersen <adam@adampetersen.se>
Date:   Tue Aug 20 06:49:34 2013 +0200
    End-to-end tests for boundary cases
3	3	src/code_maat/analysis/logical_coupling.clj
5	3	src/code_maat/app/app.clj
3	0	test/code_maat/end_to_end/empty.xml
11	0	test/code_maat/end_to_end/scenario_tests.clj
commit 67a437944ffec453208d0a84c23e68600acfe2aa
Author: Adam Petersen <adam@adampetersen.se>
Date:   Tue Aug 20 06:27:07 2013 +0200
    End-to-end test with live data from statsvn
1	1	src/code_maat/app/app.clj
17	6	test/code_maat/end_to_end/scenario_tests.clj
9629	0	test/code_maat/end_to_end/statsvn.log
commit d286b6794aaf7c3feb6e6426cf0215bc456e1218
Author: Adam Petersen <adam@adampetersen.se>
Date:   Mon Aug 19 22:29:37 2013 +0200
    svn: Do not filter on the kind of file; some svn versions do not include it and we probably want to analyze everything anyway
2	3	src/code_maat/parsers/svn.clj
0	3	test/code_maat/end_to_end/simple.xml
0	3	test/code_maat/parsers/svn_test.clj
commit cb73fa0b1fd1874ffd3a07fba29fe2a6db946f41
Author: Adam Petersen <adam@adampetersen.se>
Date:   Mon Aug 19 21:19:23 2013 +0200
    Basic error handling for invalid input
6	3	src/code_maat/app/app.clj
8	5	src/code_maat/core.clj
10	6	src/code_maat/parsers/svn.clj
commit 142ddc0067f01720b8b071ede974273f6531a9c4
Author: Adam Petersen <adam@adampetersen.se>
Date:   Mon Aug 19 21:05:36 2013 +0200
    Removed default limitation on the number of rows
1	1	src/code_maat/core.clj
4	7	src/code_maat/parsers/svn.clj
commit 706aa950e4b2e3f3481dade1d432d2b9e48b6e6a
Author: Adam Petersen <adam@adampetersen.se>
Date:   Mon Aug 19 20:52:22 2013 +0200
    svn parse: optimization: replaced a map+flatten with a simpler reduce. 30 percent increase in speed.
9	6	src/code_maat/parsers/svn.clj
2	2	test/code_maat/parsers/svn_test.clj
commit f847b4474ed8260a7aec39aeacbf0cc11a69bd69
Author: Adam Petersen <adam@adampetersen.se>
Date:   Mon Aug 19 17:01:19 2013 +0200
    Measured optimization: lazy seq returned from the svn parser
0	4	src/code_maat/app/app.clj
commit e15010d9de2666617986dfa49555a6c6d5063fe4
Author: Adam Petersen <adam@adampetersen.se>
Date:   Mon Aug 19 16:54:40 2013 +0200
    svn: implemented a start-date filter. Older entries are ignored during the parse
3	2	src/code_maat/core.clj
33	4	src/code_maat/parsers/svn.clj
11	0	test/code_maat/end_to_end/scenario_tests.clj
commit 1b2a690ab1adc20224ebbbf4ef1f22900b02c701
Author: Adam Petersen <adam@adampetersen.se>
Date:   Mon Aug 19 16:02:23 2013 +0200
    svn: small refactoring to prepare for date handling
3	1	src/code_maat/core.clj
10	5	src/code_maat/parsers/svn.clj
commit c512afcc3fe05f9535d24281577e0f6aaec0b448
Author: Adam Petersen <adam@adampetersen.se>
Date:   Mon Aug 19 15:47:48 2013 +0200
    Removed temp files from git
6	5	src/code_maat/analysis/authors.clj
5	1	src/code_maat/dataset/dataset.clj
4	4	test/code_maat/analysis/authors_test.clj
5	1	test/code_maat/dataset/dataset_test.clj
commit f7691a40a14417c57bcfe92049ad4c1754739d6c
Author: Adam Petersen <adam@adampetersen.se>
Date:   Mon Aug 19 06:35:15 2013 +0200
    Removed backup file
1	0	.gitignore
commit 34ce06b9088a4ca60582d53f838ef0148426a6ea
Author: Adam Petersen <adam@adampetersen.se>
Date:   Mon Aug 19 06:33:56 2013 +0200
    End-to-end tests with csv support
1	0	project.clj
2	2	src/code_maat/app/app.clj
5	2	src/code_maat/output/csv.clj
15	7	test/code_maat/end_to_end/scenario_tests.clj
commit 8fe1031199cbc6fb20b494dc98b3d4da359235ed
Author: Adam Petersen <adam@adampetersen.se>
Date:   Sun Aug 18 19:26:53 2013 +0200
    Refactored logical coupling, subtle patterns removed
20	19	src/code_maat/analysis/logical_coupling.clj
commit 554d2aebe08371b8d96786a0a87abcefe03d187b
Author: Adam Petersen <adam@adampetersen.se>
Date:   Sun Aug 18 00:39:32 2013 +0200
    Upgraded Clojure and Incanter to latest versions, got a power boost
2	2	project.clj
commit 915492f584b83e282a7610461888c8d9e5903e7f
Author: Adam Petersen <adam@adampetersen.se>
Date:   Sun Aug 18 00:29:10 2013 +0200
    Removed dead code
1	64	src/code_maat/analysis/logical_coupling.clj
11	38	test/code_maat/analysis/logical_coupling_test.clj
commit 548b10d2bfebb1c8fc45c2e1297095edd2aad7d3
Author: Adam Petersen <adam@adampetersen.se>
Date:   Sat Aug 17 23:53:51 2013 +0200
    Sort coupling on both degree and the number of revisions
1	1	src/code_maat/analysis/logical_coupling.clj
commit 59478565ed6377d2e8d1d0a8caceb68850f11598
Author: Adam Petersen <adam@adampetersen.se>
Date:   Sat Aug 17 12:11:32 2013 +0200
    Coupling optimized to O(N)
3	3	src/code_maat/analysis/authors.clj
3	3	src/code_maat/analysis/entities.clj
19	9	src/code_maat/analysis/logical_coupling.clj
5	2	src/code_maat/app/app.clj
7	1	src/code_maat/core.clj
7	2	test/code_maat/analysis/authors_test.clj
6	2	test/code_maat/analysis/entities_test.clj
17	10	test/code_maat/analysis/logical_coupling_test.clj
7	1	test/code_maat/analysis/test_data.clj
8	5	test/code_maat/end_to_end/scenario_tests.clj
commit d30e83da4ee512a0892d7e6e3d6c4ad2a52ab957
Author: Adam Petersen <adam@adampetersen.se>
Date:   Sat Aug 17 01:16:15 2013 +0200
    Coupling optimized and activated. Remove dead code next.
1	1	src/code_maat/app/app.clj
commit 6e2ecd657cc4b712fa01fa1f999baf49651d8594
Author: Adam Petersen <adam@adampetersen.se>
Date:   Sat Aug 17 01:10:20 2013 +0200
    Coupling: refactored to threading macro
12	6	src/code_maat/analysis/logical_coupling.clj
commit 3bd8360073dc23bb20c84e21d20e790fe20c5dd3
Author: Adam Petersen <adam@adampetersen.se>
Date:   Sat Aug 17 01:05:02 2013 +0200
    Working prototype for coupling re-write
41	8	src/code_maat/analysis/logical_coupling.clj
32	7	test/code_maat/analysis/logical_coupling_test.clj
commit a3054360e6b72e431bbc9f5430cbf932d575b079
Author: Adam Petersen <adam@adampetersen.se>
Date:   Fri Aug 16 21:20:03 2013 +0200
    Coupling: prototyping a new, more efficient algorithm
5	3	src/code_maat/analysis/entities.clj
97	2	src/code_maat/analysis/logical_coupling.clj
2	2	src/code_maat/app/app.clj
38	0	test/code_maat/analysis/logical_coupling_test.clj
commit bc0d88a606e6cde3208aab756c9f2e5910b4b440
Author: Adam Petersen <adam@adampetersen.se>
Date:   Fri Aug 16 07:03:36 2013 +0200
    Refactored logical coupling: introduced threading macros
32	27	src/code_maat/analysis/logical_coupling.clj
commit bd5156c07d05b3f82a82f2576302fdca9b9052ff
Author: Adam Petersen <adam@adampetersen.se>
Date:   Fri Aug 16 06:45:21 2013 +0200
    Refactored authors: threading macros used
15	8	src/code_maat/analysis/authors.clj
2	1	test/code_maat/end_to_end/scenario_tests.clj
commit d6447651f0a1a5719af48496984d73454251f403
Author: Adam Petersen <adam@adampetersen.se>
Date:   Fri Aug 16 06:30:06 2013 +0200
    Support analysis selection from the cmd line
18	6	src/code_maat/app/app.clj
2	1	src/code_maat/core.clj
commit 49b2371e11cdb722fc4e4af90d3a6a269b2ad867
Author: Adam Petersen <adam@adampetersen.se>
Date:   Thu Aug 15 23:35:41 2013 +0200
    Removed workarounds in logical coupling analysis by introduction of the dataset module
4	17	src/code_maat/analysis/logical_coupling.clj
commit 6b50ad881f5d304a45ead6eec1c6d7e3beb6fb99
Author: Adam Petersen <adam@adampetersen.se>
Date:   Thu Aug 15 23:31:28 2013 +0200
    Introduced the new dataset module for authors and entities analysis
12	13	src/code_maat/analysis/authors.clj
11	11	src/code_maat/analysis/entities.clj
13	1	src/code_maat/dataset/dataset.clj
commit 98d54f416b64fe8a034a370518e54045080c95d3
Author: Adam Petersen <adam@adampetersen.se>
Date:   Thu Aug 15 23:17:48 2013 +0200
    Introduced a dataset layer to provide consistent return values from queries and selections (do not differentiate between none, single and multiple matches - all return a seq
28	0	src/code_maat/dataset/dataset.clj
6	1	test/code_maat/analysis/test_data.clj
25	0	test/code_maat/dataset/dataset_test.clj
commit d8d4bde77ee490d07e312f7ce6fae904cafb5dee
Author: Adam Petersen <adam@adampetersen.se>
Date:   Thu Aug 15 22:41:06 2013 +0200
    Include entity revision info in the top author analysis
15	10	src/code_maat/analysis/authors.clj
3	7	src/code_maat/app/app.clj
3	1	src/code_maat/core.clj
4	4	test/code_maat/analysis/authors_test.clj
commit 291b28dff523fda55788293dccbd919541e40f1f
Author: Adam Petersen <adam@adampetersen.se>
Date:   Thu Aug 15 17:48:40 2013 +0200
    Working logical coupling but way too slow
21	7	src/code_maat/analysis/logical_coupling.clj
4	2	src/code_maat/app/app.clj
1	2	src/code_maat/core.clj
19	8	test/code_maat/analysis/logical_coupling_test.clj
commit 53ec5e2766eca6ff297151b1e85a0b1f0204b16a
Author: Adam Petersen <adam@adampetersen.se>
Date:   Thu Aug 15 07:08:50 2013 +0200
    logical coupling bug fixed: in case of only one shared commit, count gave the wrong number of rows. Use incanter/row instead (of course).
1	1	src/code_maat/analysis/logical_coupling.clj
10	10	test/code_maat/analysis/logical_coupling_test.clj
commit 2345015ec4853b4b66bb2d481a42cb8725999ec4
Author: Adam Petersen <adam@adampetersen.se>
Date:   Thu Aug 15 06:57:47 2013 +0200
    Coupling complete, but with a bug (wrong value for degenerate cases)
33	2	src/code_maat/analysis/logical_coupling.clj
11	2	test/code_maat/analysis/logical_coupling_test.clj
commit e9fa359e075afe6964fdeb354e93354300c2b001
Author: Adam Petersen <adam@adampetersen.se>
Date:   Thu Aug 15 06:22:31 2013 +0200
    Logical coupling: calculate the number of shared and average refs forming the basis for the analysis
16	4	src/code_maat/analysis/entities.clj
62	10	src/code_maat/analysis/logical_coupling.clj
8	1	test/code_maat/analysis/entities_test.clj
24	4	test/code_maat/analysis/logical_coupling_test.clj
commit 06fa16df73fbfc2d3946427448963714ea256327
Author: Adam Petersen <adam@adampetersen.se>
Date:   Tue Aug 13 16:29:30 2013 +0200
    Started with analysis of logical coupling.
2	1	project.clj
42	0	src/code_maat/analysis/logical_coupling.clj
2	1	src/code_maat/output/filters.clj
21	0	test/code_maat/analysis/logical_coupling_test.clj
9	5	test/code_maat/end_to_end/scenario_tests.clj
commit 8f70dd90362988723a70fa99249f2065c54d2cad
Author: Adam Petersen <adam@adampetersen.se>
Date:   Tue Aug 13 06:58:16 2013 +0200
    Introduced a command line interface using cli. Defined a clear API towards the application logic for other front-ends to use.
3	1	project.clj
14	2	src/code_maat/app/app.clj
24	7	src/code_maat/core.clj
9	6	test/code_maat/end_to_end/scenario_tests.clj
commit 83ebd094b58557798d528ea256da5fcc8c65eb87
Author: Adam Petersen <adam@adampetersen.se>
Date:   Mon Aug 12 16:29:24 2013 +0200
    Started a separation of concerns regarding output formats
3	15	src/code_maat/app/app.clj
8	2	src/code_maat/core.clj
14	0	src/code_maat/output/csv.clj
5	0	src/code_maat/output/filters.clj
11	2	test/code_maat/end_to_end/scenario_tests.clj
commit dd292a3960fdc95bac1d91b7188b7943d86f6056
Author: Adam Petersen <adam@adampetersen.se>
Date:   Mon Aug 12 16:04:27 2013 +0200
    Removed dead code
0	2	src/code_maat/parsers/svn.clj
commit f0cb6814aef1f09c6924153f336f35aebf76391e
Author: Adam Petersen <adam@adampetersen.se>
Date:   Mon Aug 12 16:02:27 2013 +0200
    svn: parse all types of file actions (create, modify, delete, etc)
19	6	src/code_maat/parsers/svn.clj
13	1	test/code_maat/parsers/svn_test.clj
commit 3cfb874a79555c6da029d7e8935a18a37073e1d7
Author: Adam Petersen <adam@adampetersen.se>
Date:   Mon Aug 12 06:52:33 2013 +0200
    Analyze entities by number of revisions
3	9	src/code_maat/analysis/authors.clj
21	2	src/code_maat/analysis/entities.clj
8	0	src/code_maat/analysis/workarounds.clj
14	4	src/code_maat/app/app.clj
9	1	src/code_maat/parsers/svn.clj
2	7	test/code_maat/analysis/authors_test.clj
6	1	test/code_maat/analysis/entities_test.clj
9	4	test/code_maat/analysis/test_data.clj
commit 4951c823e4516189fe43ee11b66795de8aee3672
Author: Adam Petersen <adam@adampetersen.se>
Date:   Mon Aug 12 06:31:48 2013 +0200
    Complete unit test for authors
4	1	src/code_maat/analysis/authors.clj
26	3	test/code_maat/analysis/authors_test.clj
1	2	test/code_maat/analysis/test_data.clj
commit 50d1b024e7d2032340a91566efd5eb18aa62d093
Author: Adam Petersen <adam@adampetersen.se>
Date:   Mon Aug 12 06:16:15 2013 +0200
    Optimize the author count using Incanter group-by
9	6	src/code_maat/analysis/authors.clj
10	6	src/code_maat/app/app.clj
12	4	src/code_maat/parsers/svn.clj
6	1	test/code_maat/parsers/svn_test.clj
commit 2a3365ce552482270512cb4f0b00be68a0f6892d
Author: Adam Petersen <adam@adampetersen.se>
Date:   Sun Aug 11 16:39:38 2013 +0200
    Basic author analysis on svn complete
2	1	project.clj
35	28	src/code_maat/analysis/authors.clj
23	0	src/code_maat/app/app.clj
4	5	src/code_maat/core.clj
18	13	src/code_maat/parsers/svn.clj
8	0	test/code_maat/end_to_end/scenario_tests.clj
34	0	test/code_maat/end_to_end/simple.xml
22	23	test/code_maat/parsers/svn_test.clj
commit 64868e5c0895196e3e44b97427a1884d1f9301f4
Author: Adam Petersen <adam@adampetersen.se>
Date:   Fri Aug 9 15:55:08 2013 +0200
    Added a basic svn parser
2	1	project.clj
32	0	src/code_maat/parsers/svn.clj
12	0	src/code_maat/parsers/xml.clj
78	0	test/code_maat/parsers/svn_test.clj
commit 8e7b6fbb5f66c15ae41ce9c5fc55a4e6bce6f3bb
Author: Adam Petersen <adam@adampetersen.se>
Date:   Fri Aug 9 15:40:19 2013 +0200
    private todo
1	0	.gitignore
commit 97dc286a67fe342ccbfe4ecbad8e47f0086916f3
Author: Adam Petersen <adam@adampetersen.se>
Date:   Fri Aug 9 15:38:50 2013 +0200
    Introduced entities
4	8	src/code_maat/analysis/authors.clj
6	0	src/code_maat/analysis/entities.clj
3	11	test/code_maat/analysis/authors_test.clj
8	0	test/code_maat/analysis/entities_test.clj
10	0	test/code_maat/analysis/test_data.clj
commit 0f9f72a1dd77e8cb1f2d7090b622b4ac30e7351a
Author: Adam Petersen <adam@adampetersen.se>
Date:   Fri Aug 9 12:27:36 2013 +0200
    Authors module implemented
11	0	.gitignore
13	0	README.md
3	0	doc/intro.md
7	0	project.clj
46	0	src/code_maat/analysis/authors.clj
6	0	src/code_maat/core.clj
17	0	test/code_maat/analysis/authors_test.clj
